\BOOKMARK [0][-]{chapter.1}{\376\377\000U\000s\000a\000g\000e}{}% 1
\BOOKMARK [1][-]{section.1.1}{\376\377\000I\000n\000s\000t\000a\000l\000l\000a\000t\000i\000o\000n\000\040\000\046\000\040\000G\000e\000t\000t\000i\000n\000g\000\040\000S\000t\000a\000r\000t\000e\000d}{chapter.1}% 2
\BOOKMARK [1][-]{section.1.2}{\376\377\000R\000e\000a\000d\000i\000n\000g\000\040\000E\000C\000G\000/\000V\000C\000G\000\040\000d\000a\000t\000a}{chapter.1}% 3
\BOOKMARK [1][-]{section.1.3}{\376\377\000S\000h\000i\000f\000t\000i\000n\000g\000\040\000t\000o\000\040\000c\000l\000a\000s\000s\000e\000s\000\040\000f\000r\000o\000m\000\040\000m\000e\000t\000h\000o\000d\000s}{chapter.1}% 4
\BOOKMARK [0][-]{chapter.2}{\376\377\000d\000o\000c\000u\000t\000i\000l\000s\000\040\000D\000o\000c\000u\000m\000e\000n\000t\000a\000t\000i\000o\000n}{}% 5
\BOOKMARK [1][-]{section.2.1}{\376\377\000s\000i\000g\000n\000a\000l\000a\000n\000a\000l\000y\000s\000i\000s}{chapter.2}% 6
\BOOKMARK [2][-]{subsection.2.1.1}{\376\377\000s\000i\000g\000n\000a\000l\000a\000n\000a\000l\000y\000s\000i\000s\000.\000e\000c\000g}{section.2.1}% 7
\BOOKMARK [3][-]{subsubsection*.3}{\376\377\000s\000i\000g\000n\000a\000l\000a\000n\000a\000l\000y\000s\000i\000s\000.\000e\000c\000g\000.\000g\000e\000t\000\137\000e\000c\000g\000\137\000f\000r\000o\000m\000\137\000e\000l\000e\000c\000t\000r\000o\000d\000e\000s}{subsection.2.1.1}% 8
\BOOKMARK [3][-]{subsubsection*.5}{\376\377\000s\000i\000g\000n\000a\000l\000a\000n\000a\000l\000y\000s\000i\000s\000.\000e\000c\000g\000.\000g\000e\000t\000\137\000e\000l\000e\000c\000t\000r\000o\000d\000e\000\137\000p\000h\000i\000e}{subsection.2.1.1}% 9
\BOOKMARK [3][-]{subsubsection*.7}{\376\377\000s\000i\000g\000n\000a\000l\000a\000n\000a\000l\000y\000s\000i\000s\000.\000e\000c\000g\000.\000g\000e\000t\000\137\000q\000r\000s\000\137\000s\000t\000a\000r\000t}{subsection.2.1.1}% 10
\BOOKMARK [3][-]{subsubsection*.10}{\376\377\000s\000i\000g\000n\000a\000l\000a\000n\000a\000l\000y\000s\000i\000s\000.\000e\000c\000g\000.\000r\000e\000a\000d\000\137\000e\000c\000g\000\137\000f\000r\000o\000m\000\137\000c\000s\000v}{subsection.2.1.1}% 11
\BOOKMARK [3][-]{subsubsection*.12}{\376\377\000s\000i\000g\000n\000a\000l\000a\000n\000a\000l\000y\000s\000i\000s\000.\000e\000c\000g\000.\000r\000e\000a\000d\000\137\000e\000c\000g\000\137\000f\000r\000o\000m\000\137\000d\000a\000t}{subsection.2.1.1}% 12
\BOOKMARK [3][-]{subsubsection*.14}{\376\377\000s\000i\000g\000n\000a\000l\000a\000n\000a\000l\000y\000s\000i\000s\000.\000e\000c\000g\000.\000r\000e\000a\000d\000\137\000e\000c\000g\000\137\000f\000r\000o\000m\000\137\000i\000g\000b}{subsection.2.1.1}% 13
\BOOKMARK [3][-]{subsubsection*.16}{\376\377\000s\000i\000g\000n\000a\000l\000a\000n\000a\000l\000y\000s\000i\000s\000.\000e\000c\000g\000.\000E\000c\000g}{subsection.2.1.1}% 14
\BOOKMARK [2][-]{subsection.2.1.2}{\376\377\000s\000i\000g\000n\000a\000l\000a\000n\000a\000l\000y\000s\000i\000s\000.\000g\000e\000n\000e\000r\000a\000l}{section.2.1}% 15
\BOOKMARK [3][-]{subsubsection*.35}{\376\377\000s\000i\000g\000n\000a\000l\000a\000n\000a\000l\000y\000s\000i\000s\000.\000g\000e\000n\000e\000r\000a\000l\000.\000g\000e\000t\000\137\000s\000i\000g\000n\000a\000l\000\137\000r\000m\000s}{subsection.2.1.2}% 16
\BOOKMARK [3][-]{subsubsection*.37}{\376\377\000s\000i\000g\000n\000a\000l\000a\000n\000a\000l\000y\000s\000i\000s\000.\000g\000e\000n\000e\000r\000a\000l\000.\000g\000e\000t\000\137\000t\000w\000a\000v\000e\000\137\000e\000n\000d}{subsection.2.1.2}% 17
\BOOKMARK [3][-]{subsubsection*.39}{\376\377\000s\000i\000g\000n\000a\000l\000a\000n\000a\000l\000y\000s\000i\000s\000.\000g\000e\000n\000e\000r\000a\000l\000.\000S\000i\000g\000n\000a\000l}{subsection.2.1.2}% 18
\BOOKMARK [2][-]{subsection.2.1.3}{\376\377\000s\000i\000g\000n\000a\000l\000a\000n\000a\000l\000y\000s\000i\000s\000.\000v\000c\000g}{section.2.1}% 19
\BOOKMARK [3][-]{subsubsection*.53}{\376\377\000s\000i\000g\000n\000a\000l\000a\000n\000a\000l\000y\000s\000i\000s\000.\000v\000c\000g\000.\000c\000a\000l\000c\000u\000l\000a\000t\000e\000\137\000d\000e\000l\000t\000a\000\137\000d\000i\000p\000o\000l\000e\000\137\000a\000n\000g\000l\000e}{subsection.2.1.3}% 20
\BOOKMARK [3][-]{subsubsection*.55}{\376\377\000s\000i\000g\000n\000a\000l\000a\000n\000a\000l\000y\000s\000i\000s\000.\000v\000c\000g\000.\000c\000o\000m\000p\000a\000r\000e\000\137\000d\000i\000p\000o\000l\000e\000\137\000a\000n\000g\000l\000e\000s}{subsection.2.1.3}% 21
\BOOKMARK [3][-]{subsubsection*.57}{\376\377\000s\000i\000g\000n\000a\000l\000a\000n\000a\000l\000y\000s\000i\000s\000.\000v\000c\000g\000.\000g\000e\000t\000\137\000a\000z\000i\000m\000u\000t\000h\000\137\000e\000l\000e\000v\000a\000t\000i\000o\000n}{subsection.2.1.3}% 22
\BOOKMARK [3][-]{subsubsection*.59}{\376\377\000s\000i\000g\000n\000a\000l\000a\000n\000a\000l\000y\000s\000i\000s\000.\000v\000c\000g\000.\000g\000e\000t\000\137\000d\000i\000p\000o\000l\000e\000\137\000m\000a\000g\000n\000i\000t\000u\000d\000e\000s}{subsection.2.1.3}% 23
\BOOKMARK [3][-]{subsubsection*.61}{\376\377\000s\000i\000g\000n\000a\000l\000a\000n\000a\000l\000y\000s\000i\000s\000.\000v\000c\000g\000.\000g\000e\000t\000\137\000q\000r\000s\000\137\000s\000t\000a\000r\000t\000\137\000e\000n\000d}{subsection.2.1.3}% 24
\BOOKMARK [3][-]{subsubsection*.63}{\376\377\000s\000i\000g\000n\000a\000l\000a\000n\000a\000l\000y\000s\000i\000s\000.\000v\000c\000g\000.\000g\000e\000t\000\137\000s\000i\000n\000g\000l\000e\000\137\000v\000c\000g\000\137\000a\000z\000i\000m\000u\000t\000h\000\137\000e\000l\000e\000v\000a\000t\000i\000o\000n}{subsection.2.1.3}% 25
\BOOKMARK [3][-]{subsubsection*.65}{\376\377\000s\000i\000g\000n\000a\000l\000a\000n\000a\000l\000y\000s\000i\000s\000.\000v\000c\000g\000.\000g\000e\000t\000\137\000s\000p\000a\000t\000i\000a\000l\000\137\000v\000e\000l\000o\000c\000i\000t\000y}{subsection.2.1.3}% 26
\BOOKMARK [3][-]{subsubsection*.70}{\376\377\000s\000i\000g\000n\000a\000l\000a\000n\000a\000l\000y\000s\000i\000s\000.\000v\000c\000g\000.\000g\000e\000t\000\137\000v\000c\000g\000\137\000a\000r\000e\000a}{subsection.2.1.3}% 27
\BOOKMARK [3][-]{subsubsection*.72}{\376\377\000s\000i\000g\000n\000a\000l\000a\000n\000a\000l\000y\000s\000i\000s\000.\000v\000c\000g\000.\000g\000e\000t\000\137\000v\000c\000g\000\137\000f\000r\000o\000m\000\137\000e\000c\000g}{subsection.2.1.3}% 28
\BOOKMARK [3][-]{subsubsection*.74}{\376\377\000s\000i\000g\000n\000a\000l\000a\000n\000a\000l\000y\000s\000i\000s\000.\000v\000c\000g\000.\000g\000e\000t\000\137\000w\000e\000i\000g\000h\000t\000e\000d\000\137\000d\000i\000p\000o\000l\000e\000\137\000a\000n\000g\000l\000e\000s}{subsection.2.1.3}% 29
\BOOKMARK [3][-]{subsubsection*.76}{\376\377\000s\000i\000g\000n\000a\000l\000a\000n\000a\000l\000y\000s\000i\000s\000.\000v\000c\000g\000.\000p\000l\000o\000t\000\137\000d\000e\000n\000s\000i\000t\000y\000\137\000e\000f\000f\000e\000c\000t}{subsection.2.1.3}% 30
\BOOKMARK [3][-]{subsubsection*.78}{\376\377\000s\000i\000g\000n\000a\000l\000a\000n\000a\000l\000y\000s\000i\000s\000.\000v\000c\000g\000.\000p\000l\000o\000t\000\137\000m\000e\000t\000r\000i\000c\000\137\000c\000h\000a\000n\000g\000e}{subsection.2.1.3}% 31
\BOOKMARK [3][-]{subsubsection*.80}{\376\377\000s\000i\000g\000n\000a\000l\000a\000n\000a\000l\000y\000s\000i\000s\000.\000v\000c\000g\000.\000p\000l\000o\000t\000\137\000m\000e\000t\000r\000i\000c\000\137\000c\000h\000a\000n\000g\000e\000\137\000b\000a\000r\000p\000l\000o\000t}{subsection.2.1.3}% 32
\BOOKMARK [3][-]{subsubsection*.82}{\376\377\000s\000i\000g\000n\000a\000l\000a\000n\000a\000l\000y\000s\000i\000s\000.\000v\000c\000g\000.\000V\000c\000g}{subsection.2.1.3}% 33
\BOOKMARK [1][-]{section.2.2}{\376\377\000s\000i\000g\000n\000a\000l\000p\000l\000o\000t}{chapter.2}% 34
\BOOKMARK [2][-]{subsection.2.2.1}{\376\377\000s\000i\000g\000n\000a\000l\000p\000l\000o\000t\000.\000e\000c\000g}{section.2.2}% 35
\BOOKMARK [3][-]{subsubsection*.88}{\376\377\000s\000i\000g\000n\000a\000l\000p\000l\000o\000t\000.\000e\000c\000g\000.\000p\000l\000o\000t}{subsection.2.2.1}% 36
\BOOKMARK [2][-]{subsection.2.2.2}{\376\377\000s\000i\000g\000n\000a\000l\000p\000l\000o\000t\000.\000g\000e\000n\000e\000r\000a\000l}{section.2.2}% 37
\BOOKMARK [2][-]{subsection.2.2.3}{\376\377\000s\000i\000g\000n\000a\000l\000p\000l\000o\000t\000.\000v\000c\000g}{section.2.2}% 38
\BOOKMARK [3][-]{subsubsection*.90}{\376\377\000s\000i\000g\000n\000a\000l\000p\000l\000o\000t\000.\000v\000c\000g\000.\000a\000d\000d\000\137\000u\000n\000i\000t\000\137\000s\000p\000h\000e\000r\000e}{subsection.2.2.3}% 39
\BOOKMARK [3][-]{subsubsection*.92}{\376\377\000s\000i\000g\000n\000a\000l\000p\000l\000o\000t\000.\000v\000c\000g\000.\000a\000n\000i\000m\000a\000t\000e\000\137\0003\000d}{subsection.2.2.3}% 40
\BOOKMARK [3][-]{subsubsection*.94}{\376\377\000s\000i\000g\000n\000a\000l\000p\000l\000o\000t\000.\000v\000c\000g\000.\000p\000l\000o\000t\000\137\0002\000d}{subsection.2.2.3}% 41
\BOOKMARK [3][-]{subsubsection*.96}{\376\377\000s\000i\000g\000n\000a\000l\000p\000l\000o\000t\000.\000v\000c\000g\000.\000p\000l\000o\000t\000\137\0003\000d}{subsection.2.2.3}% 42
\BOOKMARK [3][-]{subsubsection*.98}{\376\377\000s\000i\000g\000n\000a\000l\000p\000l\000o\000t\000.\000v\000c\000g\000.\000p\000l\000o\000t\000\137\000a\000r\000c\0003\000d}{subsection.2.2.3}% 43
\BOOKMARK [3][-]{subsubsection*.100}{\376\377\000s\000i\000g\000n\000a\000l\000p\000l\000o\000t\000.\000v\000c\000g\000.\000p\000l\000o\000t\000\137\000d\000e\000n\000s\000i\000t\000y\000\137\000e\000f\000f\000e\000c\000t}{subsection.2.2.3}% 44
\BOOKMARK [3][-]{subsubsection*.102}{\376\377\000s\000i\000g\000n\000a\000l\000p\000l\000o\000t\000.\000v\000c\000g\000.\000p\000l\000o\000t\000\137\000m\000e\000t\000r\000i\000c\000\137\000c\000h\000a\000n\000g\000e}{subsection.2.2.3}% 45
\BOOKMARK [3][-]{subsubsection*.104}{\376\377\000s\000i\000g\000n\000a\000l\000p\000l\000o\000t\000.\000v\000c\000g\000.\000p\000l\000o\000t\000\137\000m\000e\000t\000r\000i\000c\000\137\000c\000h\000a\000n\000g\000e\000\137\000b\000a\000r\000p\000l\000o\000t}{subsection.2.2.3}% 46
\BOOKMARK [3][-]{subsubsection*.106}{\376\377\000s\000i\000g\000n\000a\000l\000p\000l\000o\000t\000.\000v\000c\000g\000.\000p\000l\000o\000t\000\137\000s\000p\000a\000t\000i\000a\000l\000\137\000v\000e\000l\000o\000c\000i\000t\000y}{subsection.2.2.3}% 47
\BOOKMARK [3][-]{subsubsection*.108}{\376\377\000s\000i\000g\000n\000a\000l\000p\000l\000o\000t\000.\000v\000c\000g\000.\000p\000l\000o\000t\000\137\000x\000y\000z\000\137\000c\000o\000m\000p\000o\000n\000e\000n\000t\000s}{subsection.2.2.3}% 48
\BOOKMARK [3][-]{subsubsection*.110}{\376\377\000s\000i\000g\000n\000a\000l\000p\000l\000o\000t\000.\000v\000c\000g\000.\000p\000l\000o\000t\000\137\000x\000y\000z\000\137\000v\000e\000c\000t\000o\000r}{subsection.2.2.3}% 49
\BOOKMARK [1][-]{section.2.3}{\376\377\000t\000o\000o\000l\000s}{chapter.2}% 50
\BOOKMARK [2][-]{subsection.2.3.1}{\376\377\000t\000o\000o\000l\000s\000.\000m\000a\000t\000h\000s}{section.2.3}% 51
\BOOKMARK [3][-]{subsubsection*.112}{\376\377\000t\000o\000o\000l\000s\000.\000m\000a\000t\000h\000s\000.\000a\000c\000o\000s\0002}{subsection.2.3.1}% 52
\BOOKMARK [3][-]{subsubsection*.114}{\376\377\000t\000o\000o\000l\000s\000.\000m\000a\000t\000h\000s\000.\000a\000s\000i\000n\0002}{subsection.2.3.1}% 53
\BOOKMARK [3][-]{subsubsection*.116}{\376\377\000t\000o\000o\000l\000s\000.\000m\000a\000t\000h\000s\000.\000f\000i\000l\000t\000e\000r\000\137\000b\000u\000t\000t\000e\000r\000w\000o\000r\000t\000h}{subsection.2.3.1}% 54
\BOOKMARK [3][-]{subsubsection*.118}{\376\377\000t\000o\000o\000l\000s\000.\000m\000a\000t\000h\000s\000.\000f\000i\000l\000t\000e\000r\000\137\000s\000a\000v\000i\000t\000z\000k\000y\000g\000o\000l\000a\000y}{subsection.2.3.1}% 55
\BOOKMARK [3][-]{subsubsection*.120}{\376\377\000t\000o\000o\000l\000s\000.\000m\000a\000t\000h\000s\000.\000g\000e\000t\000\137\000m\000e\000d\000i\000a\000n}{subsection.2.3.1}% 56
\BOOKMARK [3][-]{subsubsection*.122}{\376\377\000t\000o\000o\000l\000s\000.\000m\000a\000t\000h\000s\000.\000n\000o\000r\000m\000a\000l\000i\000s\000e\000\137\000s\000i\000g\000n\000a\000l}{subsection.2.3.1}% 57
\BOOKMARK [3][-]{subsubsection*.124}{\376\377\000t\000o\000o\000l\000s\000.\000m\000a\000t\000h\000s\000.\000s\000i\000m\000p\000l\000e\000x\000\137\000v\000o\000l\000u\000m\000e}{subsection.2.3.1}% 58
\BOOKMARK [2][-]{subsection.2.3.2}{\376\377\000t\000o\000o\000l\000s\000.\000p\000l\000o\000t\000t\000i\000n\000g}{section.2.3}% 59
\BOOKMARK [3][-]{subsubsection*.126}{\376\377\000t\000o\000o\000l\000s\000.\000p\000l\000o\000t\000t\000i\000n\000g\000.\000a\000d\000d\000\137\000c\000o\000l\000o\000u\000r\000b\000a\000r}{subsection.2.3.2}% 60
\BOOKMARK [3][-]{subsubsection*.128}{\376\377\000t\000o\000o\000l\000s\000.\000p\000l\000o\000t\000t\000i\000n\000g\000.\000a\000d\000d\000\137\000x\000y\000z\000\137\000a\000x\000e\000s}{subsection.2.3.2}% 61
\BOOKMARK [3][-]{subsubsection*.130}{\376\377\000t\000o\000o\000l\000s\000.\000p\000l\000o\000t\000t\000i\000n\000g\000.\000g\000e\000t\000\137\000p\000l\000o\000t\000\137\000c\000o\000l\000o\000u\000r\000s}{subsection.2.3.2}% 62
\BOOKMARK [3][-]{subsubsection*.132}{\376\377\000t\000o\000o\000l\000s\000.\000p\000l\000o\000t\000t\000i\000n\000g\000.\000g\000e\000t\000\137\000p\000l\000o\000t\000\137\000l\000i\000n\000e\000s}{subsection.2.3.2}% 63
\BOOKMARK [3][-]{subsubsection*.134}{\376\377\000t\000o\000o\000l\000s\000.\000p\000l\000o\000t\000t\000i\000n\000g\000.\000s\000e\000t\000\137\000a\000x\000i\000s\000\137\000l\000i\000m\000i\000t\000s}{subsection.2.3.2}% 64
\BOOKMARK [3][-]{subsubsection*.136}{\376\377\000t\000o\000o\000l\000s\000.\000p\000l\000o\000t\000t\000i\000n\000g\000.\000s\000e\000t\000\137\000s\000y\000m\000m\000e\000t\000r\000i\000c\000a\000l\000\137\000a\000x\000i\000s\000\137\000l\000i\000m\000i\000t\000s}{subsection.2.3.2}% 65
\BOOKMARK [3][-]{subsubsection*.138}{\376\377\000t\000o\000o\000l\000s\000.\000p\000l\000o\000t\000t\000i\000n\000g\000.\000w\000r\000i\000t\000e\000\137\000c\000o\000l\000o\000u\000r\000m\000a\000p\000\137\000t\000o\000\137\000x\000m\000l}{subsection.2.3.2}% 66
\BOOKMARK [2][-]{subsection.2.3.3}{\376\377\000t\000o\000o\000l\000s\000.\000p\000y\000t\000h\000o\000n}{section.2.3}% 67
\BOOKMARK [3][-]{subsubsection*.140}{\376\377\000t\000o\000o\000l\000s\000.\000p\000y\000t\000h\000o\000n\000.\000c\000h\000e\000c\000k\000\137\000l\000i\000s\000t\000\137\000d\000e\000p\000t\000h}{subsection.2.3.3}% 68
\BOOKMARK [3][-]{subsubsection*.142}{\376\377\000t\000o\000o\000l\000s\000.\000p\000y\000t\000h\000o\000n\000.\000c\000o\000n\000v\000e\000r\000t\000\137\000i\000n\000d\000e\000x\000\137\000t\000o\000\137\000t\000i\000m\000e}{subsection.2.3.3}% 69
\BOOKMARK [3][-]{subsubsection*.144}{\376\377\000t\000o\000o\000l\000s\000.\000p\000y\000t\000h\000o\000n\000.\000c\000o\000n\000v\000e\000r\000t\000\137\000i\000n\000p\000u\000t\000\137\000t\000o\000\137\000l\000i\000s\000t}{subsection.2.3.3}% 70
\BOOKMARK [3][-]{subsubsection*.146}{\376\377\000t\000o\000o\000l\000s\000.\000p\000y\000t\000h\000o\000n\000.\000c\000o\000n\000v\000e\000r\000t\000\137\000t\000i\000m\000e\000\137\000t\000o\000\137\000i\000n\000d\000e\000x}{subsection.2.3.3}% 71
\BOOKMARK [3][-]{subsubsection*.148}{\376\377\000t\000o\000o\000l\000s\000.\000p\000y\000t\000h\000o\000n\000.\000d\000e\000p\000r\000e\000c\000a\000t\000e\000d\000\137\000c\000o\000n\000v\000e\000r\000t\000\137\000t\000i\000m\000e\000\137\000t\000o\000\137\000i\000n\000d\000e\000x}{subsection.2.3.3}% 72
\BOOKMARK [3][-]{subsubsection*.150}{\376\377\000t\000o\000o\000l\000s\000.\000p\000y\000t\000h\000o\000n\000.\000f\000i\000n\000d\000\137\000l\000i\000s\000t\000\137\000f\000r\000a\000c\000t\000i\000o\000n}{subsection.2.3.3}% 73
\BOOKMARK [3][-]{subsubsection*.152}{\376\377\000t\000o\000o\000l\000s\000.\000p\000y\000t\000h\000o\000n\000.\000g\000e\000t\000\137\000i\000\137\000c\000o\000l\000o\000u\000r}{subsection.2.3.3}% 74
\BOOKMARK [3][-]{subsubsection*.154}{\376\377\000t\000o\000o\000l\000s\000.\000p\000y\000t\000h\000o\000n\000.\000g\000e\000t\000\137\000t\000i\000m\000e}{subsection.2.3.3}% 75
\BOOKMARK [3][-]{subsubsection*.156}{\376\377\000t\000o\000o\000l\000s\000.\000p\000y\000t\000h\000o\000n\000.\000r\000e\000c\000u\000r\000s\000i\000v\000e\000\137\000l\000e\000n}{subsection.2.3.3}% 76
\BOOKMARK [0][-]{chapter.3}{\376\377\000I\000n\000d\000i\000c\000e\000s\000\040\000a\000n\000d\000\040\000t\000a\000b\000l\000e\000s}{}% 77
\BOOKMARK [0][-]{section*.158}{\376\377\000P\000y\000t\000h\000o\000n\000\040\000M\000o\000d\000u\000l\000e\000\040\000I\000n\000d\000e\000x}{}% 78
