This is pdfTeX, Version 3.14159265-2.6-1.40.18 (TeX Live 2017/Debian) (preloaded format=pdflatex 2021.9.16)  8 OCT 2021 16:08
entering extended mode
 restricted \write18 enabled.
 %&-line parsing enabled.
**signalanalysis.tex
(./signalanalysis.tex
LaTeX2e <2017-04-15>
Babel <3.18> and hyphenation patterns for 3 language(s) loaded.
(./sphinxmanual.cls
Document Class: sphinxmanual 2019/12/01 v2.3.0 Document class (Sphinx manual)
(/usr/share/texlive/texmf-dist/tex/latex/base/report.cls
Document Class: report 2014/09/29 v1.4h Standard LaTeX document class
(/usr/share/texlive/texmf-dist/tex/latex/base/size10.clo
File: size10.clo 2014/09/29 v1.4h Standard LaTeX file (size option)
)
\c@part=\count79
\c@chapter=\count80
\c@section=\count81
\c@subsection=\count82
\c@subsubsection=\count83
\c@paragraph=\count84
\c@subparagraph=\count85
\c@figure=\count86
\c@table=\count87
\abovecaptionskip=\skip41
\belowcaptionskip=\skip42
\bibindent=\dimen102
)
LaTeX Info: Redefining \and on input line 35.
)
(/usr/share/texlive/texmf-dist/tex/latex/base/inputenc.sty
Package: inputenc 2015/03/17 v1.2c Input encoding file
\inpenc@prehook=\toks14
\inpenc@posthook=\toks15

(/usr/share/texlive/texmf-dist/tex/latex/base/utf8.def
File: utf8.def 2017/01/28 v1.1t UTF-8 support for inputenc
Now handling font encoding OML ...
... no UTF-8 mapping file for font encoding OML
Now handling font encoding T1 ...
... processing UTF-8 mapping file for font encoding T1

(/usr/share/texlive/texmf-dist/tex/latex/base/t1enc.dfu
File: t1enc.dfu 2017/01/28 v1.1t UTF-8 support for inputenc
   defining Unicode char U+00A0 (decimal 160)
   defining Unicode char U+00A1 (decimal 161)
   defining Unicode char U+00A3 (decimal 163)
   defining Unicode char U+00AB (decimal 171)
   defining Unicode char U+00AD (decimal 173)
   defining Unicode char U+00BB (decimal 187)
   defining Unicode char U+00BF (decimal 191)
   defining Unicode char U+00C0 (decimal 192)
   defining Unicode char U+00C1 (decimal 193)
   defining Unicode char U+00C2 (decimal 194)
   defining Unicode char U+00C3 (decimal 195)
   defining Unicode char U+00C4 (decimal 196)
   defining Unicode char U+00C5 (decimal 197)
   defining Unicode char U+00C6 (decimal 198)
   defining Unicode char U+00C7 (decimal 199)
   defining Unicode char U+00C8 (decimal 200)
   defining Unicode char U+00C9 (decimal 201)
   defining Unicode char U+00CA (decimal 202)
   defining Unicode char U+00CB (decimal 203)
   defining Unicode char U+00CC (decimal 204)
   defining Unicode char U+00CD (decimal 205)
   defining Unicode char U+00CE (decimal 206)
   defining Unicode char U+00CF (decimal 207)
   defining Unicode char U+00D0 (decimal 208)
   defining Unicode char U+00D1 (decimal 209)
   defining Unicode char U+00D2 (decimal 210)
   defining Unicode char U+00D3 (decimal 211)
   defining Unicode char U+00D4 (decimal 212)
   defining Unicode char U+00D5 (decimal 213)
   defining Unicode char U+00D6 (decimal 214)
   defining Unicode char U+00D8 (decimal 216)
   defining Unicode char U+00D9 (decimal 217)
   defining Unicode char U+00DA (decimal 218)
   defining Unicode char U+00DB (decimal 219)
   defining Unicode char U+00DC (decimal 220)
   defining Unicode char U+00DD (decimal 221)
   defining Unicode char U+00DE (decimal 222)
   defining Unicode char U+00DF (decimal 223)
   defining Unicode char U+00E0 (decimal 224)
   defining Unicode char U+00E1 (decimal 225)
   defining Unicode char U+00E2 (decimal 226)
   defining Unicode char U+00E3 (decimal 227)
   defining Unicode char U+00E4 (decimal 228)
   defining Unicode char U+00E5 (decimal 229)
   defining Unicode char U+00E6 (decimal 230)
   defining Unicode char U+00E7 (decimal 231)
   defining Unicode char U+00E8 (decimal 232)
   defining Unicode char U+00E9 (decimal 233)
   defining Unicode char U+00EA (decimal 234)
   defining Unicode char U+00EB (decimal 235)
   defining Unicode char U+00EC (decimal 236)
   defining Unicode char U+00ED (decimal 237)
   defining Unicode char U+00EE (decimal 238)
   defining Unicode char U+00EF (decimal 239)
   defining Unicode char U+00F0 (decimal 240)
   defining Unicode char U+00F1 (decimal 241)
   defining Unicode char U+00F2 (decimal 242)
   defining Unicode char U+00F3 (decimal 243)
   defining Unicode char U+00F4 (decimal 244)
   defining Unicode char U+00F5 (decimal 245)
   defining Unicode char U+00F6 (decimal 246)
   defining Unicode char U+00F8 (decimal 248)
   defining Unicode char U+00F9 (decimal 249)
   defining Unicode char U+00FA (decimal 250)
   defining Unicode char U+00FB (decimal 251)
   defining Unicode char U+00FC (decimal 252)
   defining Unicode char U+00FD (decimal 253)
   defining Unicode char U+00FE (decimal 254)
   defining Unicode char U+00FF (decimal 255)
   defining Unicode char U+0100 (decimal 256)
   defining Unicode char U+0101 (decimal 257)
   defining Unicode char U+0102 (decimal 258)
   defining Unicode char U+0103 (decimal 259)
   defining Unicode char U+0104 (decimal 260)
   defining Unicode char U+0105 (decimal 261)
   defining Unicode char U+0106 (decimal 262)
   defining Unicode char U+0107 (decimal 263)
   defining Unicode char U+0108 (decimal 264)
   defining Unicode char U+0109 (decimal 265)
   defining Unicode char U+010A (decimal 266)
   defining Unicode char U+010B (decimal 267)
   defining Unicode char U+010C (decimal 268)
   defining Unicode char U+010D (decimal 269)
   defining Unicode char U+010E (decimal 270)
   defining Unicode char U+010F (decimal 271)
   defining Unicode char U+0110 (decimal 272)
   defining Unicode char U+0111 (decimal 273)
   defining Unicode char U+0112 (decimal 274)
   defining Unicode char U+0113 (decimal 275)
   defining Unicode char U+0114 (decimal 276)
   defining Unicode char U+0115 (decimal 277)
   defining Unicode char U+0116 (decimal 278)
   defining Unicode char U+0117 (decimal 279)
   defining Unicode char U+0118 (decimal 280)
   defining Unicode char U+0119 (decimal 281)
   defining Unicode char U+011A (decimal 282)
   defining Unicode char U+011B (decimal 283)
   defining Unicode char U+011C (decimal 284)
   defining Unicode char U+011D (decimal 285)
   defining Unicode char U+011E (decimal 286)
   defining Unicode char U+011F (decimal 287)
   defining Unicode char U+0120 (decimal 288)
   defining Unicode char U+0121 (decimal 289)
   defining Unicode char U+0122 (decimal 290)
   defining Unicode char U+0123 (decimal 291)
   defining Unicode char U+0124 (decimal 292)
   defining Unicode char U+0125 (decimal 293)
   defining Unicode char U+0128 (decimal 296)
   defining Unicode char U+0129 (decimal 297)
   defining Unicode char U+012A (decimal 298)
   defining Unicode char U+012B (decimal 299)
   defining Unicode char U+012C (decimal 300)
   defining Unicode char U+012D (decimal 301)
   defining Unicode char U+012E (decimal 302)
   defining Unicode char U+012F (decimal 303)
   defining Unicode char U+0130 (decimal 304)
   defining Unicode char U+0131 (decimal 305)
   defining Unicode char U+0132 (decimal 306)
   defining Unicode char U+0133 (decimal 307)
   defining Unicode char U+0134 (decimal 308)
   defining Unicode char U+0135 (decimal 309)
   defining Unicode char U+0136 (decimal 310)
   defining Unicode char U+0137 (decimal 311)
   defining Unicode char U+0139 (decimal 313)
   defining Unicode char U+013A (decimal 314)
   defining Unicode char U+013B (decimal 315)
   defining Unicode char U+013C (decimal 316)
   defining Unicode char U+013D (decimal 317)
   defining Unicode char U+013E (decimal 318)
   defining Unicode char U+0141 (decimal 321)
   defining Unicode char U+0142 (decimal 322)
   defining Unicode char U+0143 (decimal 323)
   defining Unicode char U+0144 (decimal 324)
   defining Unicode char U+0145 (decimal 325)
   defining Unicode char U+0146 (decimal 326)
   defining Unicode char U+0147 (decimal 327)
   defining Unicode char U+0148 (decimal 328)
   defining Unicode char U+014A (decimal 330)
   defining Unicode char U+014B (decimal 331)
   defining Unicode char U+014C (decimal 332)
   defining Unicode char U+014D (decimal 333)
   defining Unicode char U+014E (decimal 334)
   defining Unicode char U+014F (decimal 335)
   defining Unicode char U+0150 (decimal 336)
   defining Unicode char U+0151 (decimal 337)
   defining Unicode char U+0152 (decimal 338)
   defining Unicode char U+0153 (decimal 339)
   defining Unicode char U+0154 (decimal 340)
   defining Unicode char U+0155 (decimal 341)
   defining Unicode char U+0156 (decimal 342)
   defining Unicode char U+0157 (decimal 343)
   defining Unicode char U+0158 (decimal 344)
   defining Unicode char U+0159 (decimal 345)
   defining Unicode char U+015A (decimal 346)
   defining Unicode char U+015B (decimal 347)
   defining Unicode char U+015C (decimal 348)
   defining Unicode char U+015D (decimal 349)
   defining Unicode char U+015E (decimal 350)
   defining Unicode char U+015F (decimal 351)
   defining Unicode char U+0160 (decimal 352)
   defining Unicode char U+0161 (decimal 353)
   defining Unicode char U+0162 (decimal 354)
   defining Unicode char U+0163 (decimal 355)
   defining Unicode char U+0164 (decimal 356)
   defining Unicode char U+0165 (decimal 357)
   defining Unicode char U+0168 (decimal 360)
   defining Unicode char U+0169 (decimal 361)
   defining Unicode char U+016A (decimal 362)
   defining Unicode char U+016B (decimal 363)
   defining Unicode char U+016C (decimal 364)
   defining Unicode char U+016D (decimal 365)
   defining Unicode char U+016E (decimal 366)
   defining Unicode char U+016F (decimal 367)
   defining Unicode char U+0170 (decimal 368)
   defining Unicode char U+0171 (decimal 369)
   defining Unicode char U+0172 (decimal 370)
   defining Unicode char U+0173 (decimal 371)
   defining Unicode char U+0174 (decimal 372)
   defining Unicode char U+0175 (decimal 373)
   defining Unicode char U+0176 (decimal 374)
   defining Unicode char U+0177 (decimal 375)
   defining Unicode char U+0178 (decimal 376)
   defining Unicode char U+0179 (decimal 377)
   defining Unicode char U+017A (decimal 378)
   defining Unicode char U+017B (decimal 379)
   defining Unicode char U+017C (decimal 380)
   defining Unicode char U+017D (decimal 381)
   defining Unicode char U+017E (decimal 382)
   defining Unicode char U+01CD (decimal 461)
   defining Unicode char U+01CE (decimal 462)
   defining Unicode char U+01CF (decimal 463)
   defining Unicode char U+01D0 (decimal 464)
   defining Unicode char U+01D1 (decimal 465)
   defining Unicode char U+01D2 (decimal 466)
   defining Unicode char U+01D3 (decimal 467)
   defining Unicode char U+01D4 (decimal 468)
   defining Unicode char U+01E2 (decimal 482)
   defining Unicode char U+01E3 (decimal 483)
   defining Unicode char U+01E6 (decimal 486)
   defining Unicode char U+01E7 (decimal 487)
   defining Unicode char U+01E8 (decimal 488)
   defining Unicode char U+01E9 (decimal 489)
   defining Unicode char U+01EA (decimal 490)
   defining Unicode char U+01EB (decimal 491)
   defining Unicode char U+01F0 (decimal 496)
   defining Unicode char U+01F4 (decimal 500)
   defining Unicode char U+01F5 (decimal 501)
   defining Unicode char U+0218 (decimal 536)
   defining Unicode char U+0219 (decimal 537)
   defining Unicode char U+021A (decimal 538)
   defining Unicode char U+021B (decimal 539)
   defining Unicode char U+0232 (decimal 562)
   defining Unicode char U+0233 (decimal 563)
   defining Unicode char U+1E02 (decimal 7682)
   defining Unicode char U+1E03 (decimal 7683)
   defining Unicode char U+200C (decimal 8204)
   defining Unicode char U+2010 (decimal 8208)
   defining Unicode char U+2011 (decimal 8209)
   defining Unicode char U+2012 (decimal 8210)
   defining Unicode char U+2013 (decimal 8211)
   defining Unicode char U+2014 (decimal 8212)
   defining Unicode char U+2015 (decimal 8213)
   defining Unicode char U+2018 (decimal 8216)
   defining Unicode char U+2019 (decimal 8217)
   defining Unicode char U+201A (decimal 8218)
   defining Unicode char U+201C (decimal 8220)
   defining Unicode char U+201D (decimal 8221)
   defining Unicode char U+201E (decimal 8222)
   defining Unicode char U+2030 (decimal 8240)
   defining Unicode char U+2031 (decimal 8241)
   defining Unicode char U+2039 (decimal 8249)
   defining Unicode char U+203A (decimal 8250)
   defining Unicode char U+2423 (decimal 9251)
   defining Unicode char U+1E20 (decimal 7712)
   defining Unicode char U+1E21 (decimal 7713)
)
Now handling font encoding OT1 ...
... processing UTF-8 mapping file for font encoding OT1

(/usr/share/texlive/texmf-dist/tex/latex/base/ot1enc.dfu
File: ot1enc.dfu 2017/01/28 v1.1t UTF-8 support for inputenc
   defining Unicode char U+00A0 (decimal 160)
   defining Unicode char U+00A1 (decimal 161)
   defining Unicode char U+00A3 (decimal 163)
   defining Unicode char U+00AD (decimal 173)
   defining Unicode char U+00B8 (decimal 184)
   defining Unicode char U+00BF (decimal 191)
   defining Unicode char U+00C5 (decimal 197)
   defining Unicode char U+00C6 (decimal 198)
   defining Unicode char U+00D8 (decimal 216)
   defining Unicode char U+00DF (decimal 223)
   defining Unicode char U+00E6 (decimal 230)
   defining Unicode char U+00EC (decimal 236)
   defining Unicode char U+00ED (decimal 237)
   defining Unicode char U+00EE (decimal 238)
   defining Unicode char U+00EF (decimal 239)
   defining Unicode char U+00F8 (decimal 248)
   defining Unicode char U+0131 (decimal 305)
   defining Unicode char U+0141 (decimal 321)
   defining Unicode char U+0142 (decimal 322)
   defining Unicode char U+0152 (decimal 338)
   defining Unicode char U+0153 (decimal 339)
   defining Unicode char U+0174 (decimal 372)
   defining Unicode char U+0175 (decimal 373)
   defining Unicode char U+0176 (decimal 374)
   defining Unicode char U+0177 (decimal 375)
   defining Unicode char U+0218 (decimal 536)
   defining Unicode char U+0219 (decimal 537)
   defining Unicode char U+021A (decimal 538)
   defining Unicode char U+021B (decimal 539)
   defining Unicode char U+2013 (decimal 8211)
   defining Unicode char U+2014 (decimal 8212)
   defining Unicode char U+2018 (decimal 8216)
   defining Unicode char U+2019 (decimal 8217)
   defining Unicode char U+201C (decimal 8220)
   defining Unicode char U+201D (decimal 8221)
)
Now handling font encoding OMS ...
... processing UTF-8 mapping file for font encoding OMS

(/usr/share/texlive/texmf-dist/tex/latex/base/omsenc.dfu
File: omsenc.dfu 2017/01/28 v1.1t UTF-8 support for inputenc
   defining Unicode char U+00A7 (decimal 167)
   defining Unicode char U+00B6 (decimal 182)
   defining Unicode char U+00B7 (decimal 183)
   defining Unicode char U+2020 (decimal 8224)
   defining Unicode char U+2021 (decimal 8225)
   defining Unicode char U+2022 (decimal 8226)
)
Now handling font encoding OMX ...
... no UTF-8 mapping file for font encoding OMX
Now handling font encoding U ...
... no UTF-8 mapping file for font encoding U
   defining Unicode char U+00A9 (decimal 169)
   defining Unicode char U+00AA (decimal 170)
   defining Unicode char U+00AE (decimal 174)
   defining Unicode char U+00BA (decimal 186)
   defining Unicode char U+02C6 (decimal 710)
   defining Unicode char U+02DC (decimal 732)
   defining Unicode char U+200C (decimal 8204)
   defining Unicode char U+2026 (decimal 8230)
   defining Unicode char U+2122 (decimal 8482)
   defining Unicode char U+2423 (decimal 9251)
))
   defining Unicode char U+00A0 (decimal 160)
   defining Unicode char U+2500 (decimal 9472)
   defining Unicode char U+2502 (decimal 9474)
   defining Unicode char U+2514 (decimal 9492)
   defining Unicode char U+251C (decimal 9500)
   defining Unicode char U+2572 (decimal 9586)

(/usr/share/texlive/texmf-dist/tex/latex/cmap/cmap.sty
Package: cmap 2008/03/06 v1.0h CMap support: searchable PDF
)
(/usr/share/texlive/texmf-dist/tex/latex/base/fontenc.sty
Package: fontenc 2017/04/05 v2.0i Standard LaTeX package

(/usr/share/texlive/texmf-dist/tex/latex/base/t1enc.def
File: t1enc.def 2017/04/05 v2.0i Standard LaTeX file
LaTeX Font Info:    Redeclaring font encoding T1 on input line 48.
)<<t1.cmap>>)
(/usr/share/texlive/texmf-dist/tex/latex/amsmath/amsmath.sty
Package: amsmath 2017/09/02 v2.17a AMS math features
\@mathmargin=\skip43

For additional information on amsmath, use the `?' option.
(/usr/share/texlive/texmf-dist/tex/latex/amsmath/amstext.sty
Package: amstext 2000/06/29 v2.01 AMS text

(/usr/share/texlive/texmf-dist/tex/latex/amsmath/amsgen.sty
File: amsgen.sty 1999/11/30 v2.0 generic functions
\@emptytoks=\toks16
\ex@=\dimen103
))
(/usr/share/texlive/texmf-dist/tex/latex/amsmath/amsbsy.sty
Package: amsbsy 1999/11/29 v1.2d Bold Symbols
\pmbraise@=\dimen104
)
(/usr/share/texlive/texmf-dist/tex/latex/amsmath/amsopn.sty
Package: amsopn 2016/03/08 v2.02 operator names
)
\inf@bad=\count88
LaTeX Info: Redefining \frac on input line 213.
\uproot@=\count89
\leftroot@=\count90
LaTeX Info: Redefining \overline on input line 375.
\classnum@=\count91
\DOTSCASE@=\count92
LaTeX Info: Redefining \ldots on input line 472.
LaTeX Info: Redefining \dots on input line 475.
LaTeX Info: Redefining \cdots on input line 596.
\Mathstrutbox@=\box26
\strutbox@=\box27
\big@size=\dimen105
LaTeX Font Info:    Redeclaring font encoding OML on input line 712.
LaTeX Font Info:    Redeclaring font encoding OMS on input line 713.
\macc@depth=\count93
\c@MaxMatrixCols=\count94
\dotsspace@=\muskip10
\c@parentequation=\count95
\dspbrk@lvl=\count96
\tag@help=\toks17
\row@=\count97
\column@=\count98
\maxfields@=\count99
\andhelp@=\toks18
\eqnshift@=\dimen106
\alignsep@=\dimen107
\tagshift@=\dimen108
\tagwidth@=\dimen109
\totwidth@=\dimen110
\lineht@=\dimen111
\@envbody=\toks19
\multlinegap=\skip44
\multlinetaggap=\skip45
\mathdisplay@stack=\toks20
LaTeX Info: Redefining \[ on input line 2817.
LaTeX Info: Redefining \] on input line 2818.
)
(/usr/share/texlive/texmf-dist/tex/latex/amsfonts/amssymb.sty
Package: amssymb 2013/01/14 v3.01 AMS font symbols

(/usr/share/texlive/texmf-dist/tex/latex/amsfonts/amsfonts.sty
Package: amsfonts 2013/01/14 v3.01 Basic AMSFonts support
\symAMSa=\mathgroup4
\symAMSb=\mathgroup5
LaTeX Font Info:    Overwriting math alphabet `\mathfrak' in version `bold'
(Font)                  U/euf/m/n --> U/euf/b/n on input line 106.
))
(/usr/share/texlive/texmf-dist/tex/generic/babel/babel.sty
Package: babel 2018/02/14 3.18 The Babel package

(/usr/share/texlive/texmf-dist/tex/generic/babel/switch.def
File: switch.def 2018/02/14 3.18 Babel switching mechanism
)
(/usr/share/texlive/texmf-dist/tex/generic/babel-english/english.ldf
Language: english 2017/06/06 v3.3r English support from the babel system

(/usr/share/texlive/texmf-dist/tex/generic/babel/babel.def
File: babel.def 2018/02/14 3.18 Babel common definitions
\babel@savecnt=\count100
\U@D=\dimen112

(/usr/share/texlive/texmf-dist/tex/generic/babel/txtbabel.def)
\bbl@dirlevel=\count101
)
\l@british = a dialect from \language\l@english 
\l@UKenglish = a dialect from \language\l@english 
\l@canadian = a dialect from \language\l@american 
\l@australian = a dialect from \language\l@british 
\l@newzealand = a dialect from \language\l@british 
))
(/usr/share/texmf/tex/latex/tex-gyre/tgtermes.sty
Package: tgtermes 2009/09/27 v1.2 TeX Gyre Termes as default roman family

(/usr/share/texlive/texmf-dist/tex/latex/oberdiek/kvoptions.sty
Package: kvoptions 2016/05/16 v3.12 Key value format for package options (HO)

(/usr/share/texlive/texmf-dist/tex/latex/graphics/keyval.sty
Package: keyval 2014/10/28 v1.15 key=value parser (DPC)
\KV@toks@=\toks21
)
(/usr/share/texlive/texmf-dist/tex/generic/oberdiek/ltxcmds.sty
Package: ltxcmds 2016/05/16 v1.23 LaTeX kernel commands for general use (HO)
)
(/usr/share/texlive/texmf-dist/tex/generic/oberdiek/kvsetkeys.sty
Package: kvsetkeys 2016/05/16 v1.17 Key value parser (HO)

(/usr/share/texlive/texmf-dist/tex/generic/oberdiek/infwarerr.sty
Package: infwarerr 2016/05/16 v1.4 Providing info/warning/error messages (HO)
)
(/usr/share/texlive/texmf-dist/tex/generic/oberdiek/etexcmds.sty
Package: etexcmds 2016/05/16 v1.6 Avoid name clashes with e-TeX commands (HO)

(/usr/share/texlive/texmf-dist/tex/generic/oberdiek/ifluatex.sty
Package: ifluatex 2016/05/16 v1.4 Provides the ifluatex switch (HO)
Package ifluatex Info: LuaTeX not detected.
)
Package etexcmds Info: Could not find \expanded.
(etexcmds)             That can mean that you are not using pdfTeX 1.50 or
(etexcmds)             that some package has redefined \expanded.
(etexcmds)             In the latter case, load this package earlier.
))))
(/usr/share/texmf/tex/latex/tex-gyre/tgheros.sty
Package: tgheros 2009/09/27 v1.2 TeX Gyre Heros as default sans serif family
)
(/usr/share/texlive/texmf-dist/tex/latex/fncychap/fncychap.sty
Package: fncychap 2007/07/30 v1.34 LaTeX package (Revised chapters)
\RW=\skip46
\mylen=\skip47
\myhi=\skip48
\px=\skip49
\py=\skip50
\pyy=\skip51
\pxx=\skip52
\c@AlphaCnt=\count102
\c@AlphaDecCnt=\count103
) (./sphinx.sty
Package: sphinx 2021/01/27 v4.0.0 LaTeX package (Sphinx markup)

(/usr/share/texlive/texmf-dist/tex/latex/xcolor/xcolor.sty
Package: xcolor 2016/05/11 v2.12 LaTeX color extensions (UK)

(/usr/share/texlive/texmf-dist/tex/latex/graphics-cfg/color.cfg
File: color.cfg 2016/01/02 v1.6 sample color configuration
)
Package xcolor Info: Driver file: pdftex.def on input line 225.

(/usr/share/texlive/texmf-dist/tex/latex/graphics-def/pdftex.def
File: pdftex.def 2018/01/08 v1.0l Graphics/color driver for pdftex
)
Package xcolor Info: Model `cmy' substituted by `cmy0' on input line 1348.
Package xcolor Info: Model `hsb' substituted by `rgb' on input line 1352.
Package xcolor Info: Model `RGB' extended on input line 1364.
Package xcolor Info: Model `HTML' substituted by `rgb' on input line 1366.
Package xcolor Info: Model `Hsb' substituted by `hsb' on input line 1367.
Package xcolor Info: Model `tHsb' substituted by `hsb' on input line 1368.
Package xcolor Info: Model `HSB' substituted by `hsb' on input line 1369.
Package xcolor Info: Model `Gray' substituted by `gray' on input line 1370.
Package xcolor Info: Model `wave' substituted by `hsb' on input line 1371.
)
\sphinxverbatimsep=\dimen113
\sphinxverbatimborder=\dimen114
\sphinxshadowsep=\dimen115
\sphinxshadowsize=\dimen116
\sphinxshadowrule=\dimen117
\spx@notice@border=\dimen118

(./sphinxoptionshyperref.sty
File: sphinxoptionshyperref.sty 2021/01/27 hyperref
) (./sphinxoptionsgeometry.sty
File: sphinxoptionsgeometry.sty 2021/01/27 geometry
)
(/usr/share/texlive/texmf-dist/tex/latex/base/textcomp.sty
Package: textcomp 2017/04/05 v2.0i Standard LaTeX package
Package textcomp Info: Sub-encoding information:
(textcomp)               5 = only ISO-Adobe without \textcurrency
(textcomp)               4 = 5 + \texteuro
(textcomp)               3 = 4 + \textohm
(textcomp)               2 = 3 + \textestimated + \textcurrency
(textcomp)               1 = TS1 - \textcircled - \t
(textcomp)               0 = TS1 (full)
(textcomp)             Font families with sub-encoding setting implement
(textcomp)             only a restricted character set as indicated.
(textcomp)             Family '?' is the default used for unknown fonts.
(textcomp)             See the documentation for details.
Package textcomp Info: Setting ? sub-encoding to TS1/1 on input line 79.

(/usr/share/texlive/texmf-dist/tex/latex/base/ts1enc.def
File: ts1enc.def 2001/06/05 v3.0e (jk/car/fm) Standard LaTeX file
Now handling font encoding TS1 ...
... processing UTF-8 mapping file for font encoding TS1

(/usr/share/texlive/texmf-dist/tex/latex/base/ts1enc.dfu
File: ts1enc.dfu 2017/01/28 v1.1t UTF-8 support for inputenc
   defining Unicode char U+00A2 (decimal 162)
   defining Unicode char U+00A3 (decimal 163)
   defining Unicode char U+00A4 (decimal 164)
   defining Unicode char U+00A5 (decimal 165)
   defining Unicode char U+00A6 (decimal 166)
   defining Unicode char U+00A7 (decimal 167)
   defining Unicode char U+00A8 (decimal 168)
   defining Unicode char U+00A9 (decimal 169)
   defining Unicode char U+00AA (decimal 170)
   defining Unicode char U+00AC (decimal 172)
   defining Unicode char U+00AE (decimal 174)
   defining Unicode char U+00AF (decimal 175)
   defining Unicode char U+00B0 (decimal 176)
   defining Unicode char U+00B1 (decimal 177)
   defining Unicode char U+00B2 (decimal 178)
   defining Unicode char U+00B3 (decimal 179)
   defining Unicode char U+00B4 (decimal 180)
   defining Unicode char U+00B5 (decimal 181)
   defining Unicode char U+00B6 (decimal 182)
   defining Unicode char U+00B7 (decimal 183)
   defining Unicode char U+00B9 (decimal 185)
   defining Unicode char U+00BA (decimal 186)
   defining Unicode char U+00BC (decimal 188)
   defining Unicode char U+00BD (decimal 189)
   defining Unicode char U+00BE (decimal 190)
   defining Unicode char U+00D7 (decimal 215)
   defining Unicode char U+00F7 (decimal 247)
   defining Unicode char U+0192 (decimal 402)
   defining Unicode char U+02C7 (decimal 711)
   defining Unicode char U+02D8 (decimal 728)
   defining Unicode char U+02DD (decimal 733)
   defining Unicode char U+0E3F (decimal 3647)
   defining Unicode char U+2016 (decimal 8214)
   defining Unicode char U+2020 (decimal 8224)
   defining Unicode char U+2021 (decimal 8225)
   defining Unicode char U+2022 (decimal 8226)
   defining Unicode char U+2030 (decimal 8240)
   defining Unicode char U+2031 (decimal 8241)
   defining Unicode char U+203B (decimal 8251)
   defining Unicode char U+203D (decimal 8253)
   defining Unicode char U+2044 (decimal 8260)
   defining Unicode char U+204E (decimal 8270)
   defining Unicode char U+2052 (decimal 8274)
   defining Unicode char U+20A1 (decimal 8353)
   defining Unicode char U+20A4 (decimal 8356)
   defining Unicode char U+20A6 (decimal 8358)
   defining Unicode char U+20A9 (decimal 8361)
   defining Unicode char U+20AB (decimal 8363)
   defining Unicode char U+20AC (decimal 8364)
   defining Unicode char U+20B1 (decimal 8369)
   defining Unicode char U+2103 (decimal 8451)
   defining Unicode char U+2116 (decimal 8470)
   defining Unicode char U+2117 (decimal 8471)
   defining Unicode char U+211E (decimal 8478)
   defining Unicode char U+2120 (decimal 8480)
   defining Unicode char U+2122 (decimal 8482)
   defining Unicode char U+2126 (decimal 8486)
   defining Unicode char U+2127 (decimal 8487)
   defining Unicode char U+212E (decimal 8494)
   defining Unicode char U+2190 (decimal 8592)
   defining Unicode char U+2191 (decimal 8593)
   defining Unicode char U+2192 (decimal 8594)
   defining Unicode char U+2193 (decimal 8595)
   defining Unicode char U+2329 (decimal 9001)
   defining Unicode char U+232A (decimal 9002)
   defining Unicode char U+2422 (decimal 9250)
   defining Unicode char U+25E6 (decimal 9702)
   defining Unicode char U+25EF (decimal 9711)
   defining Unicode char U+266A (decimal 9834)
))
LaTeX Info: Redefining \oldstylenums on input line 334.
Package textcomp Info: Setting cmr sub-encoding to TS1/0 on input line 349.
Package textcomp Info: Setting cmss sub-encoding to TS1/0 on input line 350.
Package textcomp Info: Setting cmtt sub-encoding to TS1/0 on input line 351.
Package textcomp Info: Setting cmvtt sub-encoding to TS1/0 on input line 352.
Package textcomp Info: Setting cmbr sub-encoding to TS1/0 on input line 353.
Package textcomp Info: Setting cmtl sub-encoding to TS1/0 on input line 354.
Package textcomp Info: Setting ccr sub-encoding to TS1/0 on input line 355.
Package textcomp Info: Setting ptm sub-encoding to TS1/4 on input line 356.
Package textcomp Info: Setting pcr sub-encoding to TS1/4 on input line 357.
Package textcomp Info: Setting phv sub-encoding to TS1/4 on input line 358.
Package textcomp Info: Setting ppl sub-encoding to TS1/3 on input line 359.
Package textcomp Info: Setting pag sub-encoding to TS1/4 on input line 360.
Package textcomp Info: Setting pbk sub-encoding to TS1/4 on input line 361.
Package textcomp Info: Setting pnc sub-encoding to TS1/4 on input line 362.
Package textcomp Info: Setting pzc sub-encoding to TS1/4 on input line 363.
Package textcomp Info: Setting bch sub-encoding to TS1/4 on input line 364.
Package textcomp Info: Setting put sub-encoding to TS1/5 on input line 365.
Package textcomp Info: Setting uag sub-encoding to TS1/5 on input line 366.
Package textcomp Info: Setting ugq sub-encoding to TS1/5 on input line 367.
Package textcomp Info: Setting ul8 sub-encoding to TS1/4 on input line 368.
Package textcomp Info: Setting ul9 sub-encoding to TS1/4 on input line 369.
Package textcomp Info: Setting augie sub-encoding to TS1/5 on input line 370.
Package textcomp Info: Setting dayrom sub-encoding to TS1/3 on input line 371.
Package textcomp Info: Setting dayroms sub-encoding to TS1/3 on input line 372.

Package textcomp Info: Setting pxr sub-encoding to TS1/0 on input line 373.
Package textcomp Info: Setting pxss sub-encoding to TS1/0 on input line 374.
Package textcomp Info: Setting pxtt sub-encoding to TS1/0 on input line 375.
Package textcomp Info: Setting txr sub-encoding to TS1/0 on input line 376.
Package textcomp Info: Setting txss sub-encoding to TS1/0 on input line 377.
Package textcomp Info: Setting txtt sub-encoding to TS1/0 on input line 378.
Package textcomp Info: Setting lmr sub-encoding to TS1/0 on input line 379.
Package textcomp Info: Setting lmdh sub-encoding to TS1/0 on input line 380.
Package textcomp Info: Setting lmss sub-encoding to TS1/0 on input line 381.
Package textcomp Info: Setting lmssq sub-encoding to TS1/0 on input line 382.
Package textcomp Info: Setting lmvtt sub-encoding to TS1/0 on input line 383.
Package textcomp Info: Setting lmtt sub-encoding to TS1/0 on input line 384.
Package textcomp Info: Setting qhv sub-encoding to TS1/0 on input line 385.
Package textcomp Info: Setting qag sub-encoding to TS1/0 on input line 386.
Package textcomp Info: Setting qbk sub-encoding to TS1/0 on input line 387.
Package textcomp Info: Setting qcr sub-encoding to TS1/0 on input line 388.
Package textcomp Info: Setting qcs sub-encoding to TS1/0 on input line 389.
Package textcomp Info: Setting qpl sub-encoding to TS1/0 on input line 390.
Package textcomp Info: Setting qtm sub-encoding to TS1/0 on input line 391.
Package textcomp Info: Setting qzc sub-encoding to TS1/0 on input line 392.
Package textcomp Info: Setting qhvc sub-encoding to TS1/0 on input line 393.
Package textcomp Info: Setting futs sub-encoding to TS1/4 on input line 394.
Package textcomp Info: Setting futx sub-encoding to TS1/4 on input line 395.
Package textcomp Info: Setting futj sub-encoding to TS1/4 on input line 396.
Package textcomp Info: Setting hlh sub-encoding to TS1/3 on input line 397.
Package textcomp Info: Setting hls sub-encoding to TS1/3 on input line 398.
Package textcomp Info: Setting hlst sub-encoding to TS1/3 on input line 399.
Package textcomp Info: Setting hlct sub-encoding to TS1/5 on input line 400.
Package textcomp Info: Setting hlx sub-encoding to TS1/5 on input line 401.
Package textcomp Info: Setting hlce sub-encoding to TS1/5 on input line 402.
Package textcomp Info: Setting hlcn sub-encoding to TS1/5 on input line 403.
Package textcomp Info: Setting hlcw sub-encoding to TS1/5 on input line 404.
Package textcomp Info: Setting hlcf sub-encoding to TS1/5 on input line 405.
Package textcomp Info: Setting pplx sub-encoding to TS1/3 on input line 406.
Package textcomp Info: Setting pplj sub-encoding to TS1/3 on input line 407.
Package textcomp Info: Setting ptmx sub-encoding to TS1/4 on input line 408.
Package textcomp Info: Setting ptmj sub-encoding to TS1/4 on input line 409.
)
(/usr/share/texlive/texmf-dist/tex/latex/float/float.sty
Package: float 2001/11/08 v1.3d Float enhancements (AL)
\c@float@type=\count104
\float@exts=\toks22
\float@box=\box28
\@float@everytoks=\toks23
\@floatcapt=\box29
)
(/usr/share/texlive/texmf-dist/tex/latex/wrapfig/wrapfig.sty
\wrapoverhang=\dimen119
\WF@size=\dimen120
\c@WF@wrappedlines=\count105
\WF@box=\box30
\WF@everypar=\toks24
Package: wrapfig 2003/01/31  v 3.6
)
(/usr/share/texlive/texmf-dist/tex/latex/capt-of/capt-of.sty
Package: capt-of 2009/12/29 v0.2 standard captions outside of floats
)
(/usr/share/texlive/texmf-dist/tex/latex/tools/multicol.sty
Package: multicol 2017/04/11 v1.8q multicolumn formatting (FMi)
\c@tracingmulticols=\count106
\mult@box=\box31
\multicol@leftmargin=\dimen121
\c@unbalance=\count107
\c@collectmore=\count108
\doublecol@number=\count109
\multicoltolerance=\count110
\multicolpretolerance=\count111
\full@width=\dimen122
\page@free=\dimen123
\premulticols=\dimen124
\postmulticols=\dimen125
\multicolsep=\skip53
\multicolbaselineskip=\skip54
\partial@page=\box32
\last@line=\box33
\maxbalancingoverflow=\dimen126
\mult@rightbox=\box34
\mult@grightbox=\box35
\mult@gfirstbox=\box36
\mult@firstbox=\box37
\@tempa=\box38
\@tempa=\box39
\@tempa=\box40
\@tempa=\box41
\@tempa=\box42
\@tempa=\box43
\@tempa=\box44
\@tempa=\box45
\@tempa=\box46
\@tempa=\box47
\@tempa=\box48
\@tempa=\box49
\@tempa=\box50
\@tempa=\box51
\@tempa=\box52
\@tempa=\box53
\@tempa=\box54
\c@columnbadness=\count112
\c@finalcolumnbadness=\count113
\last@try=\dimen127
\multicolovershoot=\dimen128
\multicolundershoot=\dimen129
\mult@nat@firstbox=\box55
\colbreak@box=\box56
\mc@col@check@num=\count114
)
(/usr/share/texlive/texmf-dist/tex/latex/graphics/graphicx.sty
Package: graphicx 2017/06/01 v1.1a Enhanced LaTeX Graphics (DPC,SPQR)

(/usr/share/texlive/texmf-dist/tex/latex/graphics/graphics.sty
Package: graphics 2017/06/25 v1.2c Standard LaTeX Graphics (DPC,SPQR)

(/usr/share/texlive/texmf-dist/tex/latex/graphics/trig.sty
Package: trig 2016/01/03 v1.10 sin cos tan (DPC)
)
(/usr/share/texlive/texmf-dist/tex/latex/graphics-cfg/graphics.cfg
File: graphics.cfg 2016/06/04 v1.11 sample graphics configuration
)
Package graphics Info: Driver file: pdftex.def on input line 99.
)
\Gin@req@height=\dimen130
\Gin@req@width=\dimen131
)
(./sphinxlatexgraphics.sty
File: sphinxlatexgraphics.sty 2021/01/27 graphics
\spx@image@maxheight=\dimen132
\spx@image@box=\box57
) (./sphinxlatexadmonitions.sty
File: sphinxlatexadmonitions.sty 2021/01/27 admonitions

(/usr/share/texlive/texmf-dist/tex/latex/framed/framed.sty
Package: framed 2011/10/22 v 0.96: framed or shaded text with page breaks
\OuterFrameSep=\skip55
\fb@frw=\dimen133
\fb@frh=\dimen134
\FrameRule=\dimen135
\FrameSep=\dimen136
))
(./sphinxlatexliterals.sty
File: sphinxlatexliterals.sty 2021/01/27 code-blocks and parsed literals

(/usr/share/texlive/texmf-dist/tex/latex/fancyvrb/fancyvrb.sty
Package: fancyvrb 2008/02/07

Style option: `fancyvrb' v2.7a, with DG/SPQR fixes, and firstline=lastline fix 
<2008/02/07> (tvz)
\FV@CodeLineNo=\count115
\FV@InFile=\read1
\FV@TabBox=\box58
\c@FancyVerbLine=\count116
\FV@StepNumber=\count117
\FV@OutFile=\write3
) (/usr/share/texlive/texmf-dist/tex/latex/base/alltt.sty
Package: alltt 1997/06/16 v2.0g defines alltt environment
)
(/usr/share/texlive/texmf-dist/tex/latex/upquote/upquote.sty
Package: upquote 2012/04/19 v1.3 upright-quote and grave-accent glyphs in verba
tim
)
(/usr/share/texlive/texmf-dist/tex/latex/needspace/needspace.sty
Package: needspace 2010/09/12 v1.3d reserve vertical space
)
\sphinxcontinuationbox=\box59
\sphinxvisiblespacebox=\box60
\sphinxVerbatim@TitleBox=\box61
\sphinxVerbatim@ContentsBox=\box62
\spx@scratchbox=\box63
)
(./sphinxlatexshadowbox.sty
File: sphinxlatexshadowbox.sty 2021/01/27 sphinxShadowBox
) (./sphinxlatexcontainers.sty
File: sphinxlatexcontainers.sty 2021/05/03 containers
)
(./sphinxhighlight.sty
Package: sphinxhighlight 2016/05/29 stylesheet for highlighting with pygments
) (./sphinxlatextables.sty
File: sphinxlatextables.sty 2021/01/27 tables

(/usr/share/texlive/texmf-dist/tex/latex/tabulary/tabulary.sty
Package: tabulary 2014/06/11 v0.10 tabulary package (DPC)

(/usr/share/texlive/texmf-dist/tex/latex/tools/array.sty
Package: array 2016/10/06 v2.4d Tabular extension package (FMi)
\col@sep=\dimen137
\extrarowheight=\dimen138
\NC@list=\toks25
\extratabsurround=\skip56
\backup@length=\skip57
)
\TY@count=\count118
\TY@linewidth=\dimen139
\tymin=\dimen140
\tymax=\dimen141
\TY@tablewidth=\dimen142
)
(/usr/share/texlive/texmf-dist/tex/latex/tools/longtable.sty
Package: longtable 2014/10/28 v4.11 Multi-page Table package (DPC)
\LTleft=\skip58
\LTright=\skip59
\LTpre=\skip60
\LTpost=\skip61
\LTchunksize=\count119
\LTcapwidth=\dimen143
\LT@head=\box64
\LT@firsthead=\box65
\LT@foot=\box66
\LT@lastfoot=\box67
\LT@cols=\count120
\LT@rows=\count121
\c@LT@tables=\count122
\c@LT@chunks=\count123
\LT@p@ftn=\toks26
)
(/usr/share/texlive/texmf-dist/tex/latex/varwidth/varwidth.sty
Package: varwidth 2009/03/30 ver 0.92;  Variable-width minipages
\@vwid@box=\box68
\sift@deathcycles=\count124
\@vwid@loff=\dimen144
\@vwid@roff=\dimen145
)
\sphinx@TY@tablewidth=\dimen146
)
(./sphinxlatexnumfig.sty
File: sphinxlatexnumfig.sty 2021/01/27 numbering

(/usr/share/texlive/texmf-dist/tex/latex/carlisle/remreset.sty))
(./sphinxlatexlists.sty
File: sphinxlatexlists.sty 2021/01/27 lists
)
\c@sphinxscope=\count125
\c@sphinxexplicit=\count126
 (./sphinxpackagefootnote.sty
Package: sphinxpackagefootnote 2021/02/04 v1.1d footnotehyper adapted to sphinx
 (Sphinx team)
\FNH@notes=\box69
\FNH@toks=\toks27
\FNH@width=\dimen147
)
(./sphinxlatexindbibtoc.sty
File: sphinxlatexindbibtoc.sty 2021/01/27 index, bib., toc

(/usr/share/texlive/texmf-dist/tex/latex/base/makeidx.sty
Package: makeidx 2014/09/29 v1.0m Standard LaTeX package
))
(./sphinxlatexstylepage.sty
File: sphinxlatexstylepage.sty 2021/01/27 page styling

(/usr/share/texlive/texmf-dist/tex/latex/parskip/parskip.sty
Package: parskip 2001/04/09 non-zero parskip adjustments
)
(/usr/share/texlive/texmf-dist/tex/latex/fancyhdr/fancyhdr.sty
Package: fancyhdr 2017/06/30 v3.9a Extensive control of page headers and footer
s
\f@nch@headwidth=\skip62
\f@nch@O@elh=\skip63
\f@nch@O@erh=\skip64
\f@nch@O@olh=\skip65
\f@nch@O@orh=\skip66
\f@nch@O@elf=\skip67
\f@nch@O@erf=\skip68
\f@nch@O@olf=\skip69
\f@nch@O@orf=\skip70
))
(./sphinxlatexstyleheadings.sty
File: sphinxlatexstyleheadings.sty 2021/01/27 headings

(/usr/share/texlive/texmf-dist/tex/latex/titlesec/titlesec.sty
Package: titlesec 2016/03/21 v2.10.2 Sectioning titles
\ttl@box=\box70
\beforetitleunit=\skip71
\aftertitleunit=\skip72
\ttl@plus=\dimen148
\ttl@minus=\dimen149
\ttl@toksa=\toks28
\titlewidth=\dimen150
\titlewidthlast=\dimen151
\titlewidthfirst=\dimen152
))
(./sphinxlatexstyletext.sty
File: sphinxlatexstyletext.sty 2021/01/27 text styling
) (./sphinxlatexobjects.sty
File: sphinxlatexobjects.sty 2021/01/27 documentation environments
\py@argswidth=\skip73
\lineblockindentation=\skip74
\DUlineblockindent=\skip75
))
(/usr/share/texlive/texmf-dist/tex/latex/geometry/geometry.sty
Package: geometry 2010/09/12 v5.6 Page Geometry

(/usr/share/texlive/texmf-dist/tex/generic/oberdiek/ifpdf.sty
Package: ifpdf 2017/03/15 v3.2 Provides the ifpdf switch
)
(/usr/share/texlive/texmf-dist/tex/generic/oberdiek/ifvtex.sty
Package: ifvtex 2016/05/16 v1.6 Detect VTeX and its facilities (HO)
Package ifvtex Info: VTeX not detected.
)
(/usr/share/texlive/texmf-dist/tex/generic/ifxetex/ifxetex.sty
Package: ifxetex 2010/09/12 v0.6 Provides ifxetex conditional
)
\Gm@cnth=\count127
\Gm@cntv=\count128
\c@Gm@tempcnt=\count129
\Gm@bindingoffset=\dimen153
\Gm@wd@mp=\dimen154
\Gm@odd@mp=\dimen155
\Gm@even@mp=\dimen156
\Gm@layoutwidth=\dimen157
\Gm@layoutheight=\dimen158
\Gm@layouthoffset=\dimen159
\Gm@layoutvoffset=\dimen160
\Gm@dimlist=\toks29
)
(/usr/share/texlive/texmf-dist/tex/latex/hyperref/hyperref.sty
Package: hyperref 2018/02/06 v6.86b Hypertext links for LaTeX

(/usr/share/texlive/texmf-dist/tex/generic/oberdiek/hobsub-hyperref.sty
Package: hobsub-hyperref 2016/05/16 v1.14 Bundle oberdiek, subset hyperref (HO)


(/usr/share/texlive/texmf-dist/tex/generic/oberdiek/hobsub-generic.sty
Package: hobsub-generic 2016/05/16 v1.14 Bundle oberdiek, subset generic (HO)
Package: hobsub 2016/05/16 v1.14 Construct package bundles (HO)
Package hobsub Info: Skipping package `infwarerr' (already loaded).
Package hobsub Info: Skipping package `ltxcmds' (already loaded).
Package hobsub Info: Skipping package `ifluatex' (already loaded).
Package hobsub Info: Skipping package `ifvtex' (already loaded).
Package: intcalc 2016/05/16 v1.2 Expandable calculations with integers (HO)
Package hobsub Info: Skipping package `ifpdf' (already loaded).
Package hobsub Info: Skipping package `etexcmds' (already loaded).
Package hobsub Info: Skipping package `kvsetkeys' (already loaded).
Package: kvdefinekeys 2016/05/16 v1.4 Define keys (HO)
Package: pdftexcmds 2018/01/21 v0.26 Utility functions of pdfTeX for LuaTeX (HO
)
Package pdftexcmds Info: LuaTeX not detected.
Package pdftexcmds Info: \pdf@primitive is available.
Package pdftexcmds Info: \pdf@ifprimitive is available.
Package pdftexcmds Info: \pdfdraftmode found.
Package: pdfescape 2016/05/16 v1.14 Implements pdfTeX's escape features (HO)
Package: bigintcalc 2016/05/16 v1.4 Expandable calculations on big integers (HO
)
Package: bitset 2016/05/16 v1.2 Handle bit-vector datatype (HO)
Package: uniquecounter 2016/05/16 v1.3 Provide unlimited unique counter (HO)
)
Package hobsub Info: Skipping package `hobsub' (already loaded).
Package: letltxmacro 2016/05/16 v1.5 Let assignment for LaTeX macros (HO)
Package: hopatch 2016/05/16 v1.3 Wrapper for package hooks (HO)
Package: xcolor-patch 2016/05/16 xcolor patch
Package: atveryend 2016/05/16 v1.9 Hooks at the very end of document (HO)
Package atveryend Info: \enddocument detected (standard20110627).
Package: atbegshi 2016/06/09 v1.18 At begin shipout hook (HO)
Package: refcount 2016/05/16 v3.5 Data extraction from label references (HO)
Package: hycolor 2016/05/16 v1.8 Color options for hyperref/bookmark (HO)
)
(/usr/share/texlive/texmf-dist/tex/latex/oberdiek/auxhook.sty
Package: auxhook 2016/05/16 v1.4 Hooks for auxiliary files (HO)
)
\@linkdim=\dimen161
\Hy@linkcounter=\count130
\Hy@pagecounter=\count131

(/usr/share/texlive/texmf-dist/tex/latex/hyperref/pd1enc.def
File: pd1enc.def 2018/02/06 v6.86b Hyperref: PDFDocEncoding definition (HO)
Now handling font encoding PD1 ...
... no UTF-8 mapping file for font encoding PD1
)
\Hy@SavedSpaceFactor=\count132

(/usr/share/texlive/texmf-dist/tex/latex/latexconfig/hyperref.cfg
File: hyperref.cfg 2002/06/06 v1.2 hyperref configuration of TeXLive
)
Package hyperref Info: Option `unicode' set `true' on input line 4383.

(/usr/share/texlive/texmf-dist/tex/latex/hyperref/puenc.def
File: puenc.def 2018/02/06 v6.86b Hyperref: PDF Unicode definition (HO)
Now handling font encoding PU ...
... no UTF-8 mapping file for font encoding PU
)
Package hyperref Info: Option `colorlinks' set `true' on input line 4383.
Package hyperref Info: Option `breaklinks' set `true' on input line 4383.
Package hyperref Info: Hyper figures OFF on input line 4509.
Package hyperref Info: Link nesting OFF on input line 4514.
Package hyperref Info: Hyper index ON on input line 4517.
Package hyperref Info: Plain pages OFF on input line 4524.
Package hyperref Info: Backreferencing OFF on input line 4529.
Package hyperref Info: Implicit mode ON; LaTeX internals redefined.
Package hyperref Info: Bookmarks ON on input line 4762.
\c@Hy@tempcnt=\count133

(/usr/share/texlive/texmf-dist/tex/latex/url/url.sty
\Urlmuskip=\muskip11
Package: url 2013/09/16  ver 3.4  Verb mode for urls, etc.
)
LaTeX Info: Redefining \url on input line 5115.
\XeTeXLinkMargin=\dimen162
\Fld@menulength=\count134
\Field@Width=\dimen163
\Fld@charsize=\dimen164
Package hyperref Info: Hyper figures OFF on input line 6369.
Package hyperref Info: Link nesting OFF on input line 6374.
Package hyperref Info: Hyper index ON on input line 6377.
Package hyperref Info: backreferencing OFF on input line 6384.
Package hyperref Info: Link coloring ON on input line 6387.
Package hyperref Info: Link coloring with OCG OFF on input line 6394.
Package hyperref Info: PDF/A mode OFF on input line 6399.
LaTeX Info: Redefining \ref on input line 6439.
LaTeX Info: Redefining \pageref on input line 6443.
\Hy@abspage=\count135
\c@Item=\count136
\c@Hfootnote=\count137
)
Package hyperref Info: Driver (autodetected): hpdftex.

(/usr/share/texlive/texmf-dist/tex/latex/hyperref/hpdftex.def
File: hpdftex.def 2018/02/06 v6.86b Hyperref driver for pdfTeX
\Fld@listcount=\count138
\c@bookmark@seq@number=\count139

(/usr/share/texlive/texmf-dist/tex/latex/oberdiek/rerunfilecheck.sty
Package: rerunfilecheck 2016/05/16 v1.8 Rerun checks for auxiliary files (HO)
Package uniquecounter Info: New unique counter `rerunfilecheck' on input line 2
82.
)
\Hy@SectionHShift=\skip76
)
(/usr/share/texlive/texmf-dist/tex/latex/oberdiek/hypcap.sty
Package: hypcap 2016/05/16 v1.12 Adjusting the anchors of captions (HO)
)
(./sphinxmessages.sty
Package: sphinxmessages 2019/01/04 v2.0 Localized LaTeX macros (Sphinx team)
)
\@indexfile=\write4
\openout4 = `signalanalysis.idx'.


Writing index file signalanalysis.idx
(./signalanalysis.aux)
\openout1 = `signalanalysis.aux'.

LaTeX Font Info:    Checking defaults for OML/cmm/m/it on input line 70.
LaTeX Font Info:    ... okay on input line 70.
LaTeX Font Info:    Checking defaults for T1/cmr/m/n on input line 70.
LaTeX Font Info:    ... okay on input line 70.
LaTeX Font Info:    Checking defaults for OT1/cmr/m/n on input line 70.
LaTeX Font Info:    ... okay on input line 70.
LaTeX Font Info:    Checking defaults for OMS/cmsy/m/n on input line 70.
LaTeX Font Info:    ... okay on input line 70.
LaTeX Font Info:    Checking defaults for OMX/cmex/m/n on input line 70.
LaTeX Font Info:    ... okay on input line 70.
LaTeX Font Info:    Checking defaults for U/cmr/m/n on input line 70.
LaTeX Font Info:    ... okay on input line 70.
LaTeX Font Info:    Checking defaults for TS1/cmr/m/n on input line 70.
LaTeX Font Info:    Try loading font information for TS1+cmr on input line 70.
 (/usr/share/texlive/texmf-dist/tex/latex/base/ts1cmr.fd
File: ts1cmr.fd 2014/09/29 v2.5h Standard LaTeX font definitions
)
LaTeX Font Info:    ... okay on input line 70.
LaTeX Font Info:    Checking defaults for PD1/pdf/m/n on input line 70.
LaTeX Font Info:    ... okay on input line 70.
LaTeX Font Info:    Checking defaults for PU/pdf/m/n on input line 70.
LaTeX Font Info:    ... okay on input line 70.
LaTeX Font Info:    Try loading font information for T1+qtm on input line 70.
(/usr/share/texmf/tex/latex/tex-gyre/t1qtm.fd
File: t1qtm.fd 2009/09/25 v1.2 font definition file for T1/qtm
)
(/usr/share/texlive/texmf-dist/tex/context/base/mkii/supp-pdf.mkii
[Loading MPS to PDF converter (version 2006.09.02).]
\scratchcounter=\count140
\scratchdimen=\dimen165
\scratchbox=\box71
\nofMPsegments=\count141
\nofMParguments=\count142
\everyMPshowfont=\toks30
\MPscratchCnt=\count143
\MPscratchDim=\dimen166
\MPnumerator=\count144
\makeMPintoPDFobject=\count145
\everyMPtoPDFconversion=\toks31
) (/usr/share/texlive/texmf-dist/tex/latex/oberdiek/epstopdf-base.sty
Package: epstopdf-base 2016/05/15 v2.6 Base part for package epstopdf

(/usr/share/texlive/texmf-dist/tex/latex/oberdiek/grfext.sty
Package: grfext 2016/05/16 v1.2 Manage graphics extensions (HO)
)
Package epstopdf-base Info: Redefining graphics rule for `.eps' on input line 4
38.
Package grfext Info: Graphics extension search list:
(grfext)             [.pdf,.png,.jpg,.mps,.jpeg,.jbig2,.jb2,.PDF,.PNG,.JPG,.JPE
G,.JBIG2,.JB2,.eps]
(grfext)             \AppendGraphicsExtensions on input line 456.

(/usr/share/texlive/texmf-dist/tex/latex/latexconfig/epstopdf-sys.cfg
File: epstopdf-sys.cfg 2010/07/13 v1.3 Configuration of (r)epstopdf for TeX Liv
e
))
\c@literalblock=\count146

*geometry* driver: auto-detecting
*geometry* detected driver: pdftex
*geometry* verbose mode - [ preamble ] result:
* driver: pdftex
* paper: letterpaper
* layout: <same size as paper>
* layoutoffset:(h,v)=(0.0pt,0.0pt)
* modes: twoside 
* h-part:(L,W,R)=(72.26999pt, 469.75502pt, 72.26999pt)
* v-part:(T,H,B)=(72.26999pt, 650.43001pt, 72.26999pt)
* \paperwidth=614.295pt
* \paperheight=794.96999pt
* \textwidth=469.75502pt
* \textheight=650.43001pt
* \oddsidemargin=0.0pt
* \evensidemargin=0.0pt
* \topmargin=-37.0pt
* \headheight=12.0pt
* \headsep=25.0pt
* \topskip=10.0pt
* \footskip=30.0pt
* \marginparwidth=36.135pt
* \marginparsep=11.0pt
* \columnsep=10.0pt
* \skip\footins=9.0pt plus 4.0pt minus 2.0pt
* \hoffset=0.0pt
* \voffset=0.0pt
* \mag=1000
* \@twocolumnfalse
* \@twosidetrue
* \@mparswitchtrue
* \@reversemarginfalse
* (1in=72.27pt=25.4mm, 1cm=28.453pt)

\AtBeginShipoutBox=\box72
Package hyperref Info: Link coloring ON on input line 70.
(/usr/share/texlive/texmf-dist/tex/latex/hyperref/nameref.sty
Package: nameref 2016/05/21 v2.44 Cross-referencing by name of section

(/usr/share/texlive/texmf-dist/tex/generic/oberdiek/gettitlestring.sty
Package: gettitlestring 2016/05/16 v1.5 Cleanup title references (HO)
)
\c@section@level=\count147
)
LaTeX Info: Redefining \ref on input line 70.
LaTeX Info: Redefining \pageref on input line 70.
LaTeX Info: Redefining \nameref on input line 70.
\@outlinefile=\write5
\openout5 = `signalanalysis.out'.

Package hyperref Info: Option `pageanchor' set `false' on input line 73.
LaTeX Font Info:    Try loading font information for T1+qhv on input line 73.

(/usr/share/texmf/tex/latex/tex-gyre/t1qhv.fd
File: t1qhv.fd 2009/09/25 v1.2 font definition file for T1/qhv
)<<ot1.cmap>><<oml.cmap>><<oms.cmap>><<omx.cmap>>
LaTeX Font Info:    Try loading font information for U+msa on input line 73.
 (/usr/share/texlive/texmf-dist/tex/latex/amsfonts/umsa.fd
File: umsa.fd 2013/01/14 v3.01 AMS symbols A
)
LaTeX Font Info:    Try loading font information for U+msb on input line 73.

(/usr/share/texlive/texmf-dist/tex/latex/amsfonts/umsb.fd
File: umsb.fd 2013/01/14 v3.01 AMS symbols B
) [1

{/var/lib/texmf/fonts/map/pdftex/updmap/pdftex.map}] [2


]
\tf@toc=\write6
\openout6 = `signalanalysis.toc'.

 [1

] [2

]
Underfull \hbox (badness 10000) in paragraph at lines 85--87
[]\T1/qtm/m/n/10 CARP sim-u-la-tions of whole torso ac-tiv-ity, us-ing ex-ist-i
ng projects from \T1/qtm/m/it/10 CARPutil
 []


LaTeX Warning: Hyper reference `usage::doc' on page 1 undefined on input line 9
9.

[1] [2

]
Chapter 1.
LaTeX Font Info:    Try loading font information for T1+txtt on input line 108.

(/usr/share/texlive/texmf-dist/tex/latex/txfonts/t1txtt.fd
File: t1txtt.fd 2000/12/15 v3.1
)
LaTeX Font Info:    Font shape `T1/txtt/b/n' in size <10> not available
(Font)              Font shape `T1/txtt/bx/n' tried instead on input line 111.
LaTeX Font Info:    Try loading font information for TS1+qtm on input line 131.


(/usr/share/texmf/tex/latex/tex-gyre/ts1qtm.fd
File: ts1qtm.fd 2009/09/25 v1.2 font definition file for TS1/qtm
) [3]
LaTeX Font Info:    Font shape `T1/txtt/m/it' in size <10> not available
(Font)              Font shape `T1/txtt/m/sl' tried instead on input line 179.
 [4]
Chapter 2.

LaTeX Warning: Hyper reference `usage::doc' on page 5 undefined on input line 1
89.


LaTeX Warning: Hyper reference `_autosummary/signalanalysis:module-signalanalys
is' on page 5 undefined on input line 227.


LaTeX Warning: Hyper reference `_autosummary/signalplot:module-signalplot' on p
age 5 undefined on input line 234.


LaTeX Warning: Hyper reference `_autosummary/tools:module-tools' on page 5 unde
fined on input line 241.


Package longtable Warning: Column widths have changed
(longtable)                in table 1 on input line 247.


LaTeX Warning: Hyper reference `_autosummary/signalanalysis.ecg:module-signalan
alysis.ecg' on page 5 undefined on input line 271.


LaTeX Warning: Hyper reference `_autosummary/signalanalysis.general:module-sign
alanalysis.general' on page 5 undefined on input line 278.


LaTeX Warning: Hyper reference `_autosummary/signalanalysis.vcg:module-signalan
alysis.vcg' on page 5 undefined on input line 285.


Package longtable Warning: Column widths have changed
(longtable)                in table 2 on input line 291.


LaTeX Warning: Hyper reference `_autosummary/signalanalysis.ecg.get_ecg_from_el
ectrodes:signalanalysis.ecg.get_ecg_from_electrodes' on page 5 undefined on inp
ut line 316.


LaTeX Warning: Hyper reference `_autosummary/signalanalysis.ecg.get_electrode_p
hie:signalanalysis.ecg.get_electrode_phie' on page 5 undefined on input line 32
3.


LaTeX Warning: Hyper reference `_autosummary/signalanalysis.ecg.get_qrs_start:s
ignalanalysis.ecg.get_qrs_start' on page 5 undefined on input line 330.


LaTeX Warning: Hyper reference `_autosummary/signalanalysis.ecg.read_ecg_from_c
sv:signalanalysis.ecg.read_ecg_from_csv' on page 5 undefined on input line 337.



LaTeX Warning: Hyper reference `_autosummary/signalanalysis.ecg.read_ecg_from_d
at:signalanalysis.ecg.read_ecg_from_dat' on page 5 undefined on input line 344.



LaTeX Warning: Hyper reference `_autosummary/signalanalysis.ecg.read_ecg_from_i
gb:signalanalysis.ecg.read_ecg_from_igb' on page 5 undefined on input line 351.



Package longtable Warning: Column widths have changed
(longtable)                in table 3 on input line 357.

[5

] [6] [7]

LaTeX Warning: Hyper reference `_autosummary/signalanalysis.ecg.Ecg:signalanaly
sis.ecg.Ecg' on page 8 undefined on input line 616.


Package longtable Warning: Column widths have changed
(longtable)                in table 4 on input line 622.


LaTeX Warning: Hyper reference `_autosummary/signalanalysis.general.Signal:sign
alanalysis.general.Signal' on page 8 undefined on input line 631.

[8]

LaTeX Warning: Hyper reference `_autosummary/signalanalysis.ecg.Ecg:id0' on pag
e 9 undefined on input line 813.


LaTeX Warning: Hyper reference `_autosummary/signalanalysis.ecg.Ecg:id1' on pag
e 9 undefined on input line 820.


LaTeX Warning: Hyper reference `_autosummary/signalanalysis.ecg.Ecg:signalanaly
sis.ecg.Ecg.get_rms' on page 9 undefined on input line 827.


LaTeX Warning: Hyper reference `_autosummary/signalanalysis.ecg.Ecg:signalanaly
sis.ecg.Ecg.read' on page 9 undefined on input line 834.


LaTeX Warning: Hyper reference `_autosummary/signalanalysis.ecg.Ecg:signalanaly
sis.ecg.Ecg.read_ecg_from_wfdb' on page 9 undefined on input line 841.


LaTeX Warning: Hyper reference `_autosummary/signalanalysis.ecg.Ecg:signalanaly
sis.ecg.Ecg.reset' on page 9 undefined on input line 848.


Package longtable Warning: Column widths have changed
(longtable)                in table 5 on input line 854.

[9]
Runaway argument?
\sqrt {\end {split} \end {equation*}\end {quote} 
! Paragraph ended before \split was complete.
<to be read again> 
                   \par 
l.898 
      
? q
OK, entering \batchmode...
! Missing $ inserted.
<inserted text> 
                $
l.898 
      
I've inserted a begin-math/end-math symbol since I think
you left one out. Proceed, with fingers crossed.

! Missing } inserted.
<inserted text> 
                }
l.898 
      
I've inserted something that you may have forgotten.
(See the <inserted text> above.)
With luck, this will get me unwedged. But if you
really didn't forget anything, try typing `2' now; then
my insertion and my current dilemma will both disappear.

! Missing \endgroup inserted.
<inserted text> 
                \endgroup 
l.898 
      
I've inserted something that you may have forgotten.
(See the <inserted text> above.)
With luck, this will get me unwedged. But if you
really didn't forget anything, try typing `2' now; then
my insertion and my current dilemma will both disappear.

! Missing \endgroup inserted.
<inserted text> 
                \endgroup 
l.898 
      
I've inserted something that you may have forgotten.
(See the <inserted text> above.)
With luck, this will get me unwedged. But if you
really didn't forget anything, try typing `2' now; then
my insertion and my current dilemma will both disappear.

! Display math should end with $$.
<to be read again> 
                   \@@par 
l.898 
      
The `$' that I just saw supposedly matches a previous `$$'.
So I shall assume that you typed `$$' both times.

! Extra }, or forgotten \endgroup.
\@par ... \@noitemerr {\@@par }\fi \else {\@@par }
                                                  \fi 
l.898 
      
I've deleted a group-closing symbol because it seems to be
spurious, as in `$x}$'. But perhaps the } is legitimate and
you forgot something else, as in `\hbox{$x}'. In such cases
the way to recover is to insert both the forgotten and the
deleted material, e.g., by typing `I$}'.


! LaTeX Error: \begin{equation*} on input line 895 ended by \end{list}.

See the LaTeX manual or LaTeX Companion for explanation.
Type  H <return>  for immediate help.
 ...                                              
                                                  
l.924 \end{fulllineitems}
                         
Your command was ignored.
Type  I <command> <return>  to replace it with another command,
or  <return>  to continue without it.


! LaTeX Error: \begin{quote} on input line 861 ended by \end{fulllineitems}.

See the LaTeX manual or LaTeX Companion for explanation.
Type  H <return>  for immediate help.
 ...                                              
                                                  
l.924 \end{fulllineitems}
                         
Your command was ignored.
Type  I <command> <return>  to replace it with another command,
or  <return>  to continue without it.


LaTeX Warning: Hyper reference `_autosummary/signalanalysis.ecg.Ecg:signalanaly
sis.ecg.Ecg' on page 10 undefined on input line 947.

 [10]

LaTeX Warning: Hyper reference `_autosummary/signalanalysis.general.get_signal_
rms:signalanalysis.general.get_signal_rms' on page 11 undefined on input line 1
061.


LaTeX Warning: Hyper reference `_autosummary/signalanalysis.general.get_twave_e
nd:signalanalysis.general.get_twave_end' on page 11 undefined on input line 106
8.


Package longtable Warning: Column widths have changed
(longtable)                in table 6 on input line 1074.

Runaway argument?
\sqrt {\end {split} \end {equation*}\end {quote} 
! Paragraph ended before \split was complete.
<to be read again> 
                   \par 
l.1107 
       
I suspect you've forgotten a `}', causing me to apply this
control sequence to too much text. How can we recover?
My plan is to forget the whole thing and hope for the best.

! Missing $ inserted.
<inserted text> 
                $
l.1107 
       
I've inserted a begin-math/end-math symbol since I think
you left one out. Proceed, with fingers crossed.

! Missing } inserted.
<inserted text> 
                }
l.1107 
       
I've inserted something that you may have forgotten.
(See the <inserted text> above.)
With luck, this will get me unwedged. But if you
really didn't forget anything, try typing `2' now; then
my insertion and my current dilemma will both disappear.

! Missing \endgroup inserted.
<inserted text> 
                \endgroup 
l.1107 
       
I've inserted something that you may have forgotten.
(See the <inserted text> above.)
With luck, this will get me unwedged. But if you
really didn't forget anything, try typing `2' now; then
my insertion and my current dilemma will both disappear.

! Missing \endgroup inserted.
<inserted text> 
                \endgroup 
l.1107 
       
I've inserted something that you may have forgotten.
(See the <inserted text> above.)
With luck, this will get me unwedged. But if you
really didn't forget anything, try typing `2' now; then
my insertion and my current dilemma will both disappear.

! Display math should end with $$.
<to be read again> 
                   \@@par 
l.1107 
       
The `$' that I just saw supposedly matches a previous `$$'.
So I shall assume that you typed `$$' both times.

! Extra }, or forgotten \endgroup.
\@par ... \@noitemerr {\@@par }\fi \else {\@@par }
                                                  \fi 
l.1107 
       
I've deleted a group-closing symbol because it seems to be
spurious, as in `$x}$'. But perhaps the } is legitimate and
you forgot something else, as in `\hbox{$x}'. In such cases
the way to recover is to insert both the forgotten and the
deleted material, e.g., by typing `I$}'.

 [11]
Overfull \hbox (4.80487pt too wide) in paragraph at lines 1134--1139
[]
 []


Underfull \hbox (badness 5652) in paragraph at lines 1134--1139
\T1/qtm/m/n/10 AAM, Pi-son L, Postema PG, Del-haas T PLoS ONE, 12(9), 1^^U14 (2
017)
 []


! LaTeX Error: \begin{equation*} on input line 1104 ended by \end{list}.

See the LaTeX manual or LaTeX Companion for explanation.
Type  H <return>  for immediate help.
 ...                                              
                                                  
l.1143 \end{fulllineitems}
                          
Your command was ignored.
Type  I <command> <return>  to replace it with another command,
or  <return>  to continue without it.


! LaTeX Error: \begin{quote} on input line 1084 ended by \end{fulllineitems}.

See the LaTeX manual or LaTeX Companion for explanation.
Type  H <return>  for immediate help.
 ...                                              
                                                  
l.1143 \end{fulllineitems}
                          
Your command was ignored.
Type  I <command> <return>  to replace it with another command,
or  <return>  to continue without it.

LaTeX Font Info:    Try loading font information for TS1+txtt on input line 1.

(/usr/share/texlive/texmf-dist/tex/latex/txfonts/ts1txtt.fd
File: ts1txtt.fd 2000/12/15 v3.1
)
LaTeX Font Info:    Font shape `TS1/txtt/m/it' in size <10> not available
(Font)              Font shape `TS1/txtt/m/sl' tried instead on input line 1.
 [12]

LaTeX Warning: Hyper reference `_autosummary/signalanalysis.general.Signal:sign
alanalysis.general.Signal' on page 13 undefined on input line 1239.


Package longtable Warning: Column widths have changed
(longtable)                in table 7 on input line 1245.

 [13]

LaTeX Warning: Hyper reference `_autosummary/signalanalysis.general.Signal:sign
alanalysis.general.Signal.get_n_beats' on page 14 undefined on input line 1408.



LaTeX Warning: Hyper reference `_autosummary/signalanalysis.general.Signal:id0'
 on page 14 undefined on input line 1415.


LaTeX Warning: Hyper reference `_autosummary/signalanalysis.general.Signal:sign
alanalysis.general.Signal.reset' on page 14 undefined on input line 1422.


Package longtable Warning: Column widths have changed
(longtable)                in table 8 on input line 1428.

Runaway argument?
\sqrt {\end {split} \end {equation*}\end {quote} 
! Paragraph ended before \split was complete.
<to be read again> 
                   \par 
l.1472 
       
I suspect you've forgotten a `}', causing me to apply this
control sequence to too much text. How can we recover?
My plan is to forget the whole thing and hope for the best.

! Missing $ inserted.
<inserted text> 
                $
l.1472 
       
I've inserted a begin-math/end-math symbol since I think
you left one out. Proceed, with fingers crossed.

! Missing } inserted.
<inserted text> 
                }
l.1472 
       
I've inserted something that you may have forgotten.
(See the <inserted text> above.)
With luck, this will get me unwedged. But if you
really didn't forget anything, try typing `2' now; then
my insertion and my current dilemma will both disappear.

! Missing \endgroup inserted.
<inserted text> 
                \endgroup 
l.1472 
       
I've inserted something that you may have forgotten.
(See the <inserted text> above.)
With luck, this will get me unwedged. But if you
really didn't forget anything, try typing `2' now; then
my insertion and my current dilemma will both disappear.

! Missing \endgroup inserted.
<inserted text> 
                \endgroup 
l.1472 
       
I've inserted something that you may have forgotten.
(See the <inserted text> above.)
With luck, this will get me unwedged. But if you
really didn't forget anything, try typing `2' now; then
my insertion and my current dilemma will both disappear.

! Display math should end with $$.
<to be read again> 
                   \@@par 
l.1472 
       
The `$' that I just saw supposedly matches a previous `$$'.
So I shall assume that you typed `$$' both times.

! Extra }, or forgotten \endgroup.
\@par ... \@noitemerr {\@@par }\fi \else {\@@par }
                                                  \fi 
l.1472 
       
I've deleted a group-closing symbol because it seems to be
spurious, as in `$x}$'. But perhaps the } is legitimate and
you forgot something else, as in `\hbox{$x}'. In such cases
the way to recover is to insert both the forgotten and the
deleted material, e.g., by typing `I$}'.


! LaTeX Error: \begin{equation*} on input line 1469 ended by \end{list}.

See the LaTeX manual or LaTeX Companion for explanation.
Type  H <return>  for immediate help.
 ...                                              
                                                  
l.1498 \end{fulllineitems}
                          
Your command was ignored.
Type  I <command> <return>  to replace it with another command,
or  <return>  to continue without it.


! LaTeX Error: \begin{quote} on input line 1435 ended by \end{fulllineitems}.

See the LaTeX manual or LaTeX Companion for explanation.
Type  H <return>  for immediate help.
 ...                                              
                                                  
l.1498 \end{fulllineitems}
                          
Your command was ignored.
Type  I <command> <return>  to replace it with another command,
or  <return>  to continue without it.


! LaTeX Error: Too deeply nested.

See the LaTeX manual or LaTeX Companion for explanation.
Type  H <return>  for immediate help.
 ...                                              
                                                  
l.1506 \begin{quote}\begin{description}
                                       
You're in trouble here.  Try typing  <return>  to proceed.
If that doesn't work, type  X <return>  to quit.


! LaTeX Error: Too deeply nested.

See the LaTeX manual or LaTeX Companion for explanation.
Type  H <return>  for immediate help.
 ...                                              
                                                  
l.1507 ...{Parameters}] \leavevmode\begin{itemize}
                                                  
You're in trouble here.  Try typing  <return>  to proceed.
If that doesn't work, type  X <return>  to quit.

 [14]

LaTeX Warning: Hyper reference `_autosummary/signalanalysis.vcg.calculate_delta
_dipole_angle:signalanalysis.vcg.calculate_delta_dipole_angle' on page 15 undef
ined on input line 1577.


LaTeX Warning: Hyper reference `_autosummary/signalanalysis.vcg.compare_dipole_
angles:signalanalysis.vcg.compare_dipole_angles' on page 15 undefined on input 
line 1584.


LaTeX Warning: Hyper reference `_autosummary/signalanalysis.vcg.get_azimuth_ele
vation:signalanalysis.vcg.get_azimuth_elevation' on page 15 undefined on input 
line 1591.


LaTeX Warning: Hyper reference `_autosummary/signalanalysis.vcg.get_dipole_magn
itudes:signalanalysis.vcg.get_dipole_magnitudes' on page 15 undefined on input 
line 1598.


LaTeX Warning: Hyper reference `_autosummary/signalanalysis.vcg.get_qrs_start_e
nd:signalanalysis.vcg.get_qrs_start_end' on page 15 undefined on input line 160
5.


LaTeX Warning: Hyper reference `_autosummary/signalanalysis.vcg.get_single_vcg_
azimuth_elevation:signalanalysis.vcg.get_single_vcg_azimuth_elevation' on page 
15 undefined on input line 1612.


LaTeX Warning: Hyper reference `_autosummary/signalanalysis.vcg.get_spatial_vel
ocity:signalanalysis.vcg.get_spatial_velocity' on page 15 undefined on input li
ne 1619.


LaTeX Warning: Hyper reference `_autosummary/signalanalysis.vcg.get_vcg_area:si
gnalanalysis.vcg.get_vcg_area' on page 15 undefined on input line 1626.


LaTeX Warning: Hyper reference `_autosummary/signalanalysis.vcg.get_vcg_from_ec
g:signalanalysis.vcg.get_vcg_from_ecg' on page 15 undefined on input line 1633.



LaTeX Warning: Hyper reference `_autosummary/signalanalysis.vcg.get_weighted_di
pole_angles:signalanalysis.vcg.get_weighted_dipole_angles' on page 15 undefined
 on input line 1640.


LaTeX Warning: Hyper reference `_autosummary/signalanalysis.vcg.plot_density_ef
fect:signalanalysis.vcg.plot_density_effect' on page 15 undefined on input line
 1647.


LaTeX Warning: Hyper reference `_autosummary/signalanalysis.vcg.plot_metric_cha
nge:signalanalysis.vcg.plot_metric_change' on page 15 undefined on input line 1
654.


LaTeX Warning: Hyper reference `_autosummary/signalanalysis.vcg.plot_metric_cha
nge_barplot:signalanalysis.vcg.plot_metric_change_barplot' on page 15 undefined
 on input line 1661.


Package longtable Warning: Column widths have changed
(longtable)                in table 9 on input line 1667.

 [15] [16] [17]
Underfull \hbox (badness 6141) in paragraph at lines 1946--1950
[]\T1/txtt/bx/n/10 ecgs \T1/qtm/m/n/10 (\T1/txtt/m/sl/10 list of pd.DataFrame o
r pd.DataFrame, optional\T1/qtm/m/n/10 ) ^^U ECG
 []

 [18] [19] [20]
Overfull \hbox (14.07422pt too wide) in paragraph at lines 2212--2212
\T1/qtm/m/it/10 Union[List[pandas.core.frame.DataFrame], 
 []

 [21]

LaTeX Warning: Hyper reference `_autosummary/signalanalysis.vcg.Vcg:signalanaly
sis.vcg.Vcg' on page 22 undefined on input line 2315.


Package longtable Warning: Column widths have changed
(longtable)                in table 10 on input line 2321.

 [22]

LaTeX Warning: Hyper reference `_autosummary/signalanalysis.ecg.Ecg:signalanaly
sis.ecg.Ecg' on page 23 undefined on input line 2328.


LaTeX Warning: Hyper reference `_autosummary/signalanalysis.general.Signal:sign
alanalysis.general.Signal' on page 23 undefined on input line 2330.


LaTeX Warning: Hyper reference `_autosummary/signalanalysis.vcg.Vcg:signalanaly
sis.vcg.Vcg.get_from_ecg' on page 23 undefined on input line 2355.


Underfull \hbox (badness 10000) in paragraph at lines 2357--2360
[]|\T1/qtm/m/n/10 Con-vert ECG data to vec-tor-car-dio-gram
 []


LaTeX Warning: Hyper reference `_autosummary/signalanalysis.vcg.Vcg:signalanaly
sis.vcg.Vcg.get_n_beats' on page 23 undefined on input line 2362.


LaTeX Warning: Hyper reference `_autosummary/signalanalysis.vcg.Vcg:signalanaly
sis.vcg.Vcg.get_rms' on page 23 undefined on input line 2369.


LaTeX Warning: Hyper reference `_autosummary/signalanalysis.vcg.Vcg:signalanaly
sis.vcg.Vcg.reset' on page 23 undefined on input line 2376.


Package longtable Warning: Column widths have changed
(longtable)                in table 11 on input line 2382.


LaTeX Warning: Hyper reference `_autosummary/signalanalysis.ecg.Ecg:signalanaly
sis.ecg.Ecg' on page 23 undefined on input line 2386.


LaTeX Warning: Hyper reference `_autosummary/signalanalysis.ecg.Ecg:signalanaly
sis.ecg.Ecg' on page 23 undefined on input line 2392.

Runaway argument?
\sqrt {\end {split} \end {equation*}\end {quote} 
! Paragraph ended before \split was complete.
<to be read again> 
                   \par 
l.2450 
       
I suspect you've forgotten a `}', causing me to apply this
control sequence to too much text. How can we recover?
My plan is to forget the whole thing and hope for the best.

! Missing $ inserted.
<inserted text> 
                $
l.2450 
       
I've inserted a begin-math/end-math symbol since I think
you left one out. Proceed, with fingers crossed.

! Missing } inserted.
<inserted text> 
                }
l.2450 
       
I've inserted something that you may have forgotten.
(See the <inserted text> above.)
With luck, this will get me unwedged. But if you
really didn't forget anything, try typing `2' now; then
my insertion and my current dilemma will both disappear.

! Missing \endgroup inserted.
<inserted text> 
                \endgroup 
l.2450 
       
I've inserted something that you may have forgotten.
(See the <inserted text> above.)
With luck, this will get me unwedged. But if you
really didn't forget anything, try typing `2' now; then
my insertion and my current dilemma will both disappear.

! Missing \endgroup inserted.
<inserted text> 
                \endgroup 
l.2450 
       
I've inserted something that you may have forgotten.
(See the <inserted text> above.)
With luck, this will get me unwedged. But if you
really didn't forget anything, try typing `2' now; then
my insertion and my current dilemma will both disappear.

! Display math should end with $$.
<to be read again> 
                   \@@par 
l.2450 
       
The `$' that I just saw supposedly matches a previous `$$'.
So I shall assume that you typed `$$' both times.

! Extra }, or forgotten \endgroup.
\@par ... \@noitemerr {\@@par }\fi \else {\@@par }
                                                  \fi 
l.2450 
       
I've deleted a group-closing symbol because it seems to be
spurious, as in `$x}$'. But perhaps the } is legitimate and
you forgot something else, as in `\hbox{$x}'. In such cases
the way to recover is to insert both the forgotten and the
deleted material, e.g., by typing `I$}'.

 [23]

! LaTeX Error: \begin{equation*} on input line 2447 ended by \end{list}.

See the LaTeX manual or LaTeX Companion for explanation.
Type  H <return>  for immediate help.
 ...                                              
                                                  
l.2476 \end{fulllineitems}
                          
Your command was ignored.
Type  I <command> <return>  to replace it with another command,
or  <return>  to continue without it.


! LaTeX Error: \begin{quote} on input line 2413 ended by \end{fulllineitems}.

See the LaTeX manual or LaTeX Companion for explanation.
Type  H <return>  for immediate help.
 ...                                              
                                                  
l.2476 \end{fulllineitems}
                          
Your command was ignored.
Type  I <command> <return>  to replace it with another command,
or  <return>  to continue without it.


! LaTeX Error: Too deeply nested.

See the LaTeX manual or LaTeX Companion for explanation.
Type  H <return>  for immediate help.
 ...                                              
                                                  
l.2485 ...{Parameters}] \leavevmode\begin{itemize}
                                                  
You're in trouble here.  Try typing  <return>  to proceed.
If that doesn't work, type  X <return>  to quit.


LaTeX Warning: Hyper reference `_autosummary/signalplot.ecg:module-signalplot.e
cg' on page 24 undefined on input line 2554.


LaTeX Warning: Hyper reference `_autosummary/signalplot.general:module-signalpl
ot.general' on page 24 undefined on input line 2561.


LaTeX Warning: Hyper reference `_autosummary/signalplot.vcg:module-signalplot.v
cg' on page 24 undefined on input line 2568.


Package longtable Warning: Column widths have changed
(longtable)                in table 12 on input line 2574.


LaTeX Warning: Hyper reference `_autosummary/signalplot.ecg.plot:signalplot.ecg
.plot' on page 24 undefined on input line 2599.


Package longtable Warning: Column widths have changed
(longtable)                in table 13 on input line 2605.

 [24]
Underfull \hbox (badness 5388) in paragraph at lines 2649--2652
[]\T1/txtt/bx/n/10 colours_ecg \T1/qtm/m/n/10 (\T1/txtt/m/sl/10 str or list of 
str or list of list/tuple of
 []


Underfull \hbox (badness 5388) in paragraph at lines 2658--2661
[]\T1/txtt/bx/n/10 colours_limits \T1/qtm/m/n/10 (\T1/txtt/m/sl/10 str or list 
of str or list of list/tuple
 []

 [25]

LaTeX Warning: Hyper reference `_autosummary/signalplot.vcg.add_unit_sphere:sig
nalplot.vcg.add_unit_sphere' on page 26 undefined on input line 2733.


LaTeX Warning: Hyper reference `_autosummary/signalplot.vcg.animate_3d:signalpl
ot.vcg.animate_3d' on page 26 undefined on input line 2740.


LaTeX Warning: Hyper reference `_autosummary/signalplot.vcg.plot_2d:signalplot.
vcg.plot_2d' on page 26 undefined on input line 2747.


LaTeX Warning: Hyper reference `_autosummary/signalplot.vcg.plot_3d:signalplot.
vcg.plot_3d' on page 26 undefined on input line 2754.


LaTeX Warning: Hyper reference `_autosummary/signalplot.vcg.plot_arc3d:signalpl
ot.vcg.plot_arc3d' on page 26 undefined on input line 2761.


LaTeX Warning: Hyper reference `_autosummary/signalplot.vcg.plot_density_effect
:signalplot.vcg.plot_density_effect' on page 26 undefined on input line 2768.


LaTeX Warning: Hyper reference `_autosummary/signalplot.vcg.plot_metric_change:
signalplot.vcg.plot_metric_change' on page 26 undefined on input line 2775.


LaTeX Warning: Hyper reference `_autosummary/signalplot.vcg.plot_metric_change_
barplot:signalplot.vcg.plot_metric_change_barplot' on page 26 undefined on inpu
t line 2782.


LaTeX Warning: Hyper reference `_autosummary/signalplot.vcg.plot_spatial_veloci
ty:signalplot.vcg.plot_spatial_velocity' on page 26 undefined on input line 278
9.


LaTeX Warning: Hyper reference `_autosummary/signalplot.vcg.plot_xyz_components
:signalplot.vcg.plot_xyz_components' on page 26 undefined on input line 2796.


LaTeX Warning: Hyper reference `_autosummary/signalplot.vcg.plot_xyz_vector:sig
nalplot.vcg.plot_xyz_vector' on page 26 undefined on input line 2803.


Package longtable Warning: Column widths have changed
(longtable)                in table 14 on input line 2809.

 [26]

! LaTeX Error: Too deeply nested.

See the LaTeX manual or LaTeX Companion for explanation.
Type  H <return>  for immediate help.
 ...                                              
                                                  
l.2846 ...ither as:}] \leavevmode\begin{enumerate}
                                                  
You're in trouble here.  Try typing  <return>  to proceed.
If that doesn't work, type  X <return>  to quit.


Overfull \hbox (144.0349pt too wide) in paragraph at lines 2846--2846
[]
 []


Underfull \hbox (badness 10000) in paragraph at lines 2846--2846

 []

 [27] [28] [29]
Underfull \hbox (badness 10000) in paragraph at lines 3151--3154
[]\T1/txtt/bx/n/10 colours \T1/qtm/m/n/10 (\T1/txtt/m/sl/10 list of str, option
al\T1/qtm/m/n/10 ) ^^U Se-quence of colours
 []


Underfull \hbox (badness 10000) in paragraph at lines 3151--3154
\T1/qtm/m/n/10 to plot data (if plot-ting LV and sep-tal data, will re-quire
 []


Underfull \hbox (badness 10000) in paragraph at lines 3156--3158
[]\T1/txtt/bx/n/10 linestyles \T1/qtm/m/n/10 (\T1/txtt/m/sl/10 list of str, opt
ional\T1/qtm/m/n/10 ) ^^U Linestyles to be
 []

 [30] [31] [32]
Underfull \hbox (badness 10000) in paragraph at lines 3349--3351
[]\T1/txtt/bx/n/10 colours \T1/qtm/m/n/10 (\T1/txtt/m/sl/10 list of list of flo
at or list of
 []


Underfull \hbox (badness 10000) in paragraph at lines 3349--3351
\T1/txtt/m/sl/10 str, optional\T1/qtm/m/n/10 ) ^^U Colours to use for plot-ting
, de-
 []


Underfull \hbox (badness 10000) in paragraph at lines 3371--3373
[]\T1/txtt/bx/n/10 limits_colours \T1/qtm/m/n/10 (\T1/txtt/m/sl/10 list of list
 of float or list of
 []


Underfull \hbox (badness 10000) in paragraph at lines 3383--3384
[]\T1/txtt/bx/n/10 layout \T1/qtm/m/n/10 (\T1/txtt/m/sl/10 {\TS1/txtt/m/sl/10 '
\T1/txtt/m/sl/10 grid\TS1/txtt/m/sl/10 '\T1/txtt/m/sl/10 , \TS1/txtt/m/sl/10 '\
T1/txtt/m/sl/10 figures\TS1/txtt/m/sl/10 '\T1/txtt/m/sl/10 , \TS1/txtt/m/sl/10 
'\T1/txtt/m/sl/10 combined\TS1/txtt/m/sl/10 '\T1/txtt/m/sl/10 , \TS1/txtt/m/sl/
10 '\T1/txtt/m/sl/10 row\TS1/txtt/m/sl/10 '\T1/txtt/m/sl/10 , \TS1/txtt/m/sl/10
 '\T1/txtt/m/sl/10 column\TS1/txtt/m/sl/10 '\T1/txtt/m/sl/10 ,
 []

 [33] [34]

LaTeX Warning: Hyper reference `_autosummary/tools.maths:module-tools.maths' on
 page 35 undefined on input line 3499.


LaTeX Warning: Hyper reference `_autosummary/tools.plotting:module-tools.plotti
ng' on page 35 undefined on input line 3506.


LaTeX Warning: Hyper reference `_autosummary/tools.python:module-tools.python' 
on page 35 undefined on input line 3513.


Package longtable Warning: Column widths have changed
(longtable)                in table 15 on input line 3519.


LaTeX Warning: Hyper reference `_autosummary/tools.maths.acos2:tools.maths.acos
2' on page 35 undefined on input line 3544.


LaTeX Warning: Hyper reference `_autosummary/tools.maths.asin2:tools.maths.asin
2' on page 35 undefined on input line 3551.


LaTeX Warning: Hyper reference `_autosummary/tools.maths.filter_butterworth:too
ls.maths.filter_butterworth' on page 35 undefined on input line 3558.


LaTeX Warning: Hyper reference `_autosummary/tools.maths.filter_savitzkygolay:t
ools.maths.filter_savitzkygolay' on page 35 undefined on input line 3565.


LaTeX Warning: Hyper reference `_autosummary/tools.maths.get_median:tools.maths
.get_median' on page 35 undefined on input line 3572.


LaTeX Warning: Hyper reference `_autosummary/tools.maths.normalise_signal:tools
.maths.normalise_signal' on page 35 undefined on input line 3579.


LaTeX Warning: Hyper reference `_autosummary/tools.maths.simplex_volume:tools.m
aths.simplex_volume' on page 35 undefined on input line 3586.


Package longtable Warning: Column widths have changed
(longtable)                in table 16 on input line 3592.

 [35] [36]
Underfull \hbox (badness 10000) in paragraph at lines 3760--3765
[]
 []

 [37]

LaTeX Warning: Hyper reference `_autosummary/tools.plotting.add_colourbar:tools
.plotting.add_colourbar' on page 38 undefined on input line 3860.


LaTeX Warning: Hyper reference `_autosummary/tools.plotting.add_xyz_axes:tools.
plotting.add_xyz_axes' on page 38 undefined on input line 3867.


LaTeX Warning: Hyper reference `_autosummary/tools.plotting.get_plot_colours:to
ols.plotting.get_plot_colours' on page 38 undefined on input line 3874.


LaTeX Warning: Hyper reference `_autosummary/tools.plotting.get_plot_lines:tool
s.plotting.get_plot_lines' on page 38 undefined on input line 3881.


LaTeX Warning: Hyper reference `_autosummary/tools.plotting.set_axis_limits:too
ls.plotting.set_axis_limits' on page 38 undefined on input line 3888.


LaTeX Warning: Hyper reference `_autosummary/tools.plotting.set_symmetrical_axi
s_limits:tools.plotting.set_symmetrical_axis_limits' on page 38 undefined on in
put line 3895.


LaTeX Warning: Hyper reference `_autosummary/tools.plotting.write_colourmap_to_
xml:tools.plotting.write_colourmap_to_xml' on page 38 undefined on input line 3
902.


Package longtable Warning: Column widths have changed
(longtable)                in table 17 on input line 3908.


Underfull \hbox (badness 6204) in paragraph at lines 3930--3932
[]\T1/txtt/bx/n/10 colourmap \T1/qtm/m/n/10 (\T1/txtt/m/sl/10 str, optional\T1/
qtm/m/n/10 ) ^^U Colourmap to be used, de-
 []

 [38]
Underfull \hbox (badness 10000) in paragraph at lines 3969--3972
[]\T1/txtt/bx/n/10 axis_limits \T1/qtm/m/n/10 (\T1/txtt/m/sl/10 float or list o
f float or list of list
 []

 [39]
Underfull \hbox (badness 10000) in paragraph at lines 4085--4088
[]\T1/txtt/bx/n/10 axis_limits \T1/qtm/m/n/10 (\T1/txtt/m/sl/10 list of float o
r float, optional\T1/qtm/m/n/10 ) ^^U
 []

 [40]
Underfull \hbox (badness 10000) in paragraph at lines 4154--4157
[]
 []


LaTeX Warning: Hyper reference `_autosummary/tools.python.check_list_depth:tool
s.python.check_list_depth' on page 41 undefined on input line 4200.


LaTeX Warning: Hyper reference `_autosummary/tools.python.convert_index_to_time
:tools.python.convert_index_to_time' on page 41 undefined on input line 4207.


LaTeX Warning: Hyper reference `_autosummary/tools.python.convert_input_to_list
:tools.python.convert_input_to_list' on page 41 undefined on input line 4214.


LaTeX Warning: Hyper reference `_autosummary/tools.python.convert_time_to_index
:tools.python.convert_time_to_index' on page 41 undefined on input line 4221.


LaTeX Warning: Hyper reference `_autosummary/tools.python.deprecated_convert_ti
me_to_index:tools.python.deprecated_convert_time_to_index' on page 41 undefined
 on input line 4228.


LaTeX Warning: Hyper reference `_autosummary/tools.python.find_list_fraction:to
ols.python.find_list_fraction' on page 41 undefined on input line 4235.


LaTeX Warning: Hyper reference `_autosummary/tools.python.get_i_colour:tools.py
thon.get_i_colour' on page 41 undefined on input line 4242.


LaTeX Warning: Hyper reference `_autosummary/tools.python.get_time:tools.python
.get_time' on page 41 undefined on input line 4249.


LaTeX Warning: Hyper reference `_autosummary/tools.python.recursive_len:tools.p
ython.recursive_len' on page 41 undefined on input line 4256.


Package longtable Warning: Column widths have changed
(longtable)                in table 18 on input line 4262.

 [41] [42] [43] [44] [45] [46]
Chapter 3.
 [47

] [48

]

LaTeX Warning: Reference `_autosummary/signalanalysis:module-signalanalysis' on
 page 49 undefined on input line 4700.


LaTeX Warning: Reference `_autosummary/signalanalysis.ecg:module-signalanalysis
.ecg' on page 49 undefined on input line 4701.


LaTeX Warning: Reference `_autosummary/signalanalysis.general:module-signalanal
ysis.general' on page 49 undefined on input line 4702.


LaTeX Warning: Reference `_autosummary/signalanalysis.vcg:module-signalanalysis
.vcg' on page 49 undefined on input line 4703.


LaTeX Warning: Reference `_autosummary/signalplot:module-signalplot' on page 49
 undefined on input line 4704.


LaTeX Warning: Reference `_autosummary/signalplot.ecg:module-signalplot.ecg' on
 page 49 undefined on input line 4705.


LaTeX Warning: Reference `_autosummary/signalplot.general:module-signalplot.gen
eral' on page 49 undefined on input line 4706.


LaTeX Warning: Reference `_autosummary/signalplot.vcg:module-signalplot.vcg' on
 page 49 undefined on input line 4707.


LaTeX Warning: Reference `_autosummary/tools:module-tools' on page 49 undefined
 on input line 4710.


LaTeX Warning: Reference `_autosummary/tools.maths:module-tools.maths' on page 
49 undefined on input line 4711.


LaTeX Warning: Reference `_autosummary/tools.plotting:module-tools.plotting' on
 page 49 undefined on input line 4712.


LaTeX Warning: Reference `_autosummary/tools.python:module-tools.python' on pag
e 49 undefined on input line 4713.

 [49


]
No file signalanalysis.ind.

Package longtable Warning: Table widths have changed. Rerun LaTeX.


! LaTeX Error: \begin{list} on input line 2327 ended by \end{document}.

See the LaTeX manual or LaTeX Companion for explanation.
Type  H <return>  for immediate help.
 ...                                              
                                                  
l.4718 \end{document}
                     
Your command was ignored.
Type  I <command> <return>  to replace it with another command,
or  <return>  to continue without it.

Package atveryend Info: Empty hook `BeforeClearDocument' on input line 4718.
Package atveryend Info: Empty hook `AfterLastShipout' on input line 4718.
 (./signalanalysis.aux)
Package atveryend Info: Executing hook `AtVeryEndDocument' on input line 4718.
Package atveryend Info: Executing hook `AtEndAfterFileList' on input line 4718.


Package rerunfilecheck Warning: File `signalanalysis.out' has changed.
(rerunfilecheck)                Rerun to get outlines right
(rerunfilecheck)                or use package `bookmark'.

Package rerunfilecheck Info: Checksums for `signalanalysis.out':
(rerunfilecheck)             Before: <no file>
(rerunfilecheck)             After:  03C81BE61658B2F2577DC83C4D21F5E8;16635.

LaTeX Warning: There were undefined references.


LaTeX Warning: Label(s) may have changed. Rerun to get cross-references right.

Package atveryend Info: Empty hook `AtVeryVeryEnd' on input line 4718.
 )
(\end occurred inside a group at level 8)

### semi simple group (level 8) entered at line 2327 (\begingroup)
### semi simple group (level 7) entered at line 2327 (\begingroup)
### semi simple group (level 6) entered at line 1251 (\begingroup)
### semi simple group (level 5) entered at line 1251 (\begingroup)
### semi simple group (level 4) entered at line 1080 (\begingroup)
### semi simple group (level 3) entered at line 1080 (\begingroup)
### semi simple group (level 2) entered at line 628 (\begingroup)
### semi simple group (level 1) entered at line 628 (\begingroup)
### bottom level 
Here is how much of TeX's memory you used:
 14509 strings out of 494923
 215061 string characters out of 6180742
 299901 words of memory out of 5000000
 17200 multiletter control sequences out of 15000+600000
 70351 words of font info for 76 fonts, out of 8000000 for 9000
 15 hyphenation exceptions out of 8191
 37i,12n,48p,2793b,1241s stack positions out of 5000i,500n,10000p,200000b,80000s
{/usr/share/texmf/fonts/enc/dvips/tex-gyre/q-ts1.enc}{/usr/shar
e/texlive/texmf-dist/fonts/enc/dvips/base/8r.enc}{/usr/share/texmf/fonts/enc/dv
ips/tex-gyre/q-ec.enc}</usr/share/texlive/texmf-dist/fonts/type1/public/amsfont
s/cm/cmmi5.pfb></usr/share/texlive/texmf-dist/fonts/type1/public/amsfonts/cm/cm
sy10.pfb></usr/share/texlive/texmf-dist/fonts/type1/public/amsfonts/cm/cmsy5.pf
b></usr/share/texmf/fonts/type1/public/tex-gyre/qhvb.pfb></usr/share/texmf/font
s/type1/public/tex-gyre/qhvbi.pfb></usr/share/texmf/fonts/type1/public/tex-gyre
/qhvr.pfb></usr/share/texmf/fonts/type1/public/tex-gyre/qtmb.pfb></usr/share/te
xmf/fonts/type1/public/tex-gyre/qtmr.pfb></usr/share/texmf/fonts/type1/public/t
ex-gyre/qtmri.pfb></usr/share/texlive/texmf-dist/fonts/type1/public/txfonts/t1x
btt.pfb></usr/share/texlive/texmf-dist/fonts/type1/public/txfonts/t1xtt.pfb></u
sr/share/texlive/texmf-dist/fonts/type1/public/txfonts/t1xtt.pfb></usr/share/te
xlive/texmf-dist/fonts/type1/urw/times/utmr8a.pfb>
Output written on signalanalysis.pdf (53 pages, 306852 bytes).
PDF statistics:
 576 PDF objects out of 1000 (max. 8388607)
 498 compressed objects within 5 object streams
 261 named destinations out of 1000 (max. 500000)
 21 words of extra memory for PDF output out of 10000 (max. 10000000)

